TpTrace Verbose: 0 : 1472, 1, 2024/09/04, 12:23:02.775, 7036548943172, vstest.console.dll, Version: 17.10.0-release-24317-02 Current process architecture: X64
TpTrace Verbose: 0 : 1472, 1, 2024/09/04, 12:23:02.778, 7036548975379, vstest.console.dll, Runtime location: C:\Program Files\dotnet\shared\Microsoft.NETCore.App\8.0.8
TpTrace Verbose: 0 : 1472, 1, 2024/09/04, 12:23:02.780, 7036549001964, vstest.console.dll, ArtifactProcessingPostProcessModeProcessorExecutor.Initialize: ArtifactProcessingMode.Collect
TpTrace Verbose: 0 : 1472, 1, 2024/09/04, 12:23:02.781, 7036549004081, vstest.console.dll, TestSessionCorrelationIdProcessorModeProcessorExecutor.Initialize: TestSessionCorrelationId '15748_3a9eaeb0-bdf0-42c1-8ff4-b306ea9059ce'
TpTrace Information: 0 : 1472, 1, 2024/09/04, 12:23:02.790, 7036549094355, vstest.console.dll, FilePatternParser: The given file C:\Users\Aman.Tomar\source\BankApplication\ConsoleApp1\BankApplication.BusinessLayer.Tests\bin\Debug\net8.0\fine-code-coverage\build-output\BankApplication.BusinessLayer.Tests.dll is a full path.
TpTrace Verbose: 0 : 1472, 1, 2024/09/04, 12:23:02.798, 7036549178148, vstest.console.dll, TestPluginCache.DiscoverTestExtensions: finding test extensions in assemblies ends with: RuntimeProvider.dll TPluginInfo: Microsoft.VisualStudio.TestPlatform.Common.ExtensionFramework.Utilities.TestRuntimePluginInformation TExtension: Microsoft.VisualStudio.TestPlatform.ObjectModel.Host.ITestRuntimeProvider
TpTrace Verbose: 0 : 1472, 1, 2024/09/04, 12:23:02.798, 7036549182734, vstest.console.dll, TestPluginCache.GetExtensionPaths: Filtered extension paths: 
TpTrace Verbose: 0 : 1472, 1, 2024/09/04, 12:23:02.799, 7036549183848, vstest.console.dll, TestPluginCache.GetExtensionPaths: Added default extension paths: C:\Program Files\dotnet\sdk\8.0.304\Extensions\Microsoft.Diagnostics.NETCore.Client.dll
C:\Program Files\dotnet\sdk\8.0.304\Extensions\Microsoft.TestPlatform.Extensions.BlameDataCollector.dll
C:\Program Files\dotnet\sdk\8.0.304\Extensions\Microsoft.TestPlatform.Extensions.EventLogCollector.dll
C:\Program Files\dotnet\sdk\8.0.304\Extensions\Microsoft.TestPlatform.TestHostRuntimeProvider.dll
C:\Program Files\dotnet\sdk\8.0.304\Extensions\Microsoft.VisualStudio.TestPlatform.Extensions.Html.TestLogger.dll
C:\Program Files\dotnet\sdk\8.0.304\Extensions\Microsoft.VisualStudio.TestPlatform.Extensions.Trx.TestLogger.dll
TpTrace Verbose: 0 : 1472, 1, 2024/09/04, 12:23:02.799, 7036549184133, vstest.console.dll, TestPluginCache.GetExtensionPaths: Added unfilterableExtensionPaths: 
TpTrace Information: 0 : 1472, 1, 2024/09/04, 12:23:02.799, 7036549192001, vstest.console.dll, AssemblyResolver.ctor: Creating AssemblyResolver with searchDirectories C:\Program Files\dotnet\sdk\8.0.304\Extensions,C:\Program Files\dotnet\sdk\8.0.304
TpTrace Verbose: 0 : 1472, 1, 2024/09/04, 12:23:02.801, 7036549208281, vstest.console.dll, TestPluginCache.DiscoverTestExtensions: Discovering the extensions using extension path.
TpTrace Verbose: 0 : 1472, 1, 2024/09/04, 12:23:02.801, 7036549210301, vstest.console.dll, TestPluginCache.GetExtensionPaths: Filtered extension paths: 
TpTrace Verbose: 0 : 1472, 1, 2024/09/04, 12:23:02.801, 7036549210789, vstest.console.dll, TestPluginCache.GetExtensionPaths: Added default extension paths: C:\Program Files\dotnet\sdk\8.0.304\Extensions\Microsoft.Diagnostics.NETCore.Client.dll
C:\Program Files\dotnet\sdk\8.0.304\Extensions\Microsoft.TestPlatform.Extensions.BlameDataCollector.dll
C:\Program Files\dotnet\sdk\8.0.304\Extensions\Microsoft.TestPlatform.Extensions.EventLogCollector.dll
C:\Program Files\dotnet\sdk\8.0.304\Extensions\Microsoft.TestPlatform.TestHostRuntimeProvider.dll
C:\Program Files\dotnet\sdk\8.0.304\Extensions\Microsoft.VisualStudio.TestPlatform.Extensions.Html.TestLogger.dll
C:\Program Files\dotnet\sdk\8.0.304\Extensions\Microsoft.VisualStudio.TestPlatform.Extensions.Trx.TestLogger.dll
TpTrace Verbose: 0 : 1472, 1, 2024/09/04, 12:23:02.801, 7036549211072, vstest.console.dll, TestPluginCache.GetExtensionPaths: Added unfilterableExtensionPaths: 
TpTrace Verbose: 0 : 1472, 1, 2024/09/04, 12:23:02.801, 7036549212604, vstest.console.dll, TestPluginCache.DiscoverTestExtensions: Discovering the extensions using allExtensionPaths: C:\Program Files\dotnet\sdk\8.0.304\Extensions\Microsoft.Diagnostics.NETCore.Client.dll
C:\Program Files\dotnet\sdk\8.0.304\Extensions\Microsoft.TestPlatform.Extensions.BlameDataCollector.dll
C:\Program Files\dotnet\sdk\8.0.304\Extensions\Microsoft.TestPlatform.Extensions.EventLogCollector.dll
C:\Program Files\dotnet\sdk\8.0.304\Extensions\Microsoft.TestPlatform.TestHostRuntimeProvider.dll
C:\Program Files\dotnet\sdk\8.0.304\Extensions\Microsoft.VisualStudio.TestPlatform.Extensions.Html.TestLogger.dll
C:\Program Files\dotnet\sdk\8.0.304\Extensions\Microsoft.VisualStudio.TestPlatform.Extensions.Trx.TestLogger.dll
TpTrace Information: 0 : 1472, 1, 2024/09/04, 12:23:02.802, 7036549213903, vstest.console.dll, AssemblyResolver.AddSearchDirectories: Adding more searchDirectories C:\Program Files\dotnet\sdk\8.0.304\Extensions,C:\Program Files\dotnet\sdk\8.0.304
TpTrace Information: 0 : 1472, 1, 2024/09/04, 12:23:02.802, 7036549214445, vstest.console.dll, AssemblyResolver.AddSearchDirectories: Adding more searchDirectories C:\Program Files\dotnet\sdk\8.0.304\Extensions,C:\Program Files\dotnet\sdk\8.0.304
TpTrace Information: 0 : 1472, 1, 2024/09/04, 12:23:02.802, 7036549214765, vstest.console.dll, AssemblyResolver.AddSearchDirectories: Adding more searchDirectories C:\Program Files\dotnet\sdk\8.0.304\Extensions,C:\Program Files\dotnet\sdk\8.0.304
TpTrace Information: 0 : 1472, 1, 2024/09/04, 12:23:02.802, 7036549215016, vstest.console.dll, AssemblyResolver.AddSearchDirectories: Adding more searchDirectories C:\Program Files\dotnet\sdk\8.0.304\Extensions,C:\Program Files\dotnet\sdk\8.0.304
TpTrace Information: 0 : 1472, 1, 2024/09/04, 12:23:02.802, 7036549215274, vstest.console.dll, AssemblyResolver.AddSearchDirectories: Adding more searchDirectories C:\Program Files\dotnet\sdk\8.0.304\Extensions,C:\Program Files\dotnet\sdk\8.0.304
TpTrace Information: 0 : 1472, 1, 2024/09/04, 12:23:02.802, 7036549215505, vstest.console.dll, AssemblyResolver.AddSearchDirectories: Adding more searchDirectories C:\Program Files\dotnet\sdk\8.0.304\Extensions,C:\Program Files\dotnet\sdk\8.0.304
TpTrace Information: 0 : 1472, 1, 2024/09/04, 12:23:02.802, 7036549222369, vstest.console.dll, AssemblyResolver.OnResolve: Microsoft.Diagnostics.NETCore.Client: Resolving assembly.
TpTrace Information: 0 : 1472, 1, 2024/09/04, 12:23:02.803, 7036549223469, vstest.console.dll, AssemblyResolver.OnResolve: Microsoft.Diagnostics.NETCore.Client: Searching in: 'C:\Program Files\dotnet\sdk\8.0.304\Extensions'.
TpTrace Information: 0 : 1472, 1, 2024/09/04, 12:23:02.810, 7036549298946, vstest.console.dll, AssemblyResolver.OnResolve: Microsoft.Diagnostics.NETCore.Client: Loading assembly 'C:\Program Files\dotnet\sdk\8.0.304\Extensions\Microsoft.Diagnostics.NETCore.Client.dll'.
TpTrace Information: 0 : 1472, 1, 2024/09/04, 12:23:02.811, 7036549306277, vstest.console.dll, AssemblyResolver.OnResolve: Resolved assembly: Microsoft.Diagnostics.NETCore.Client, from path: C:\Program Files\dotnet\sdk\8.0.304\Extensions\Microsoft.Diagnostics.NETCore.Client.dll
TpTrace Verbose: 0 : 1472, 1, 2024/09/04, 12:23:02.814, 7036549339461, vstest.console.dll, MetadataReaderExtensionsHelper: Discovering extensions inside assembly 'Microsoft.Diagnostics.NETCore.Client, Version=0.2.10.15101, Culture=neutral, PublicKeyToken=31bf3856ad364e35' file path 'C:\Program Files\dotnet\sdk\8.0.304\Extensions\Microsoft.Diagnostics.NETCore.Client.dll'
TpTrace Information: 0 : 1472, 1, 2024/09/04, 12:23:02.817, 7036549369424, vstest.console.dll, AssemblyResolver.OnResolve: Microsoft.Bcl.AsyncInterfaces: Resolving assembly.
TpTrace Information: 0 : 1472, 1, 2024/09/04, 12:23:02.817, 7036549370418, vstest.console.dll, AssemblyResolver.OnResolve: Microsoft.Bcl.AsyncInterfaces: Searching in: 'C:\Program Files\dotnet\sdk\8.0.304\Extensions'.
TpTrace Information: 0 : 1472, 1, 2024/09/04, 12:23:02.817, 7036549371015, vstest.console.dll, AssemblyResolver.OnResolve: Microsoft.Bcl.AsyncInterfaces: Assembly path does not exist: 'C:\Program Files\dotnet\sdk\8.0.304\Extensions\Microsoft.Bcl.AsyncInterfaces.dll', returning.
TpTrace Information: 0 : 1472, 1, 2024/09/04, 12:23:02.817, 7036549371859, vstest.console.dll, AssemblyResolver.OnResolve: Microsoft.Bcl.AsyncInterfaces: Assembly path does not exist: 'C:\Program Files\dotnet\sdk\8.0.304\Extensions\Microsoft.Bcl.AsyncInterfaces.exe', returning.
TpTrace Information: 0 : 1472, 1, 2024/09/04, 12:23:02.817, 7036549372102, vstest.console.dll, AssemblyResolver.OnResolve: Microsoft.Bcl.AsyncInterfaces: Searching in: 'C:\Program Files\dotnet\sdk\8.0.304'.
TpTrace Information: 0 : 1472, 1, 2024/09/04, 12:23:02.817, 7036549372462, vstest.console.dll, AssemblyResolver.OnResolve: Microsoft.Bcl.AsyncInterfaces: Assembly path does not exist: 'C:\Program Files\dotnet\sdk\8.0.304\Microsoft.Bcl.AsyncInterfaces.dll', returning.
TpTrace Information: 0 : 1472, 1, 2024/09/04, 12:23:02.817, 7036549372716, vstest.console.dll, AssemblyResolver.OnResolve: Microsoft.Bcl.AsyncInterfaces: Assembly path does not exist: 'C:\Program Files\dotnet\sdk\8.0.304\Microsoft.Bcl.AsyncInterfaces.exe', returning.
TpTrace Information: 0 : 1472, 1, 2024/09/04, 12:23:02.818, 7036549372902, vstest.console.dll, AssemblyResolver.OnResolve: Microsoft.Bcl.AsyncInterfaces: Failed to load assembly.
TpTrace Verbose: 0 : 1472, 1, 2024/09/04, 12:23:02.818, 7036549373147, vstest.console.dll, CurrentDomainAssemblyResolve: Resolving assembly 'Microsoft.Bcl.AsyncInterfaces'.
TpTrace Information: 0 : 1472, 1, 2024/09/04, 12:23:02.818, 7036549373614, vstest.console.dll, AssemblyResolver.OnResolve: Microsoft.Bcl.AsyncInterfaces: Resolving assembly.
TpTrace Information: 0 : 1472, 1, 2024/09/04, 12:23:02.818, 7036549373910, vstest.console.dll, AssemblyResolver.OnResolve: Microsoft.Bcl.AsyncInterfaces: Resolved from cache.
TpTrace Verbose: 0 : 1472, 1, 2024/09/04, 12:23:02.818, 7036549374049, vstest.console.dll, CurrentDomainAssemblyResolve: Resolving assembly 'Microsoft.Bcl.AsyncInterfaces'.
TpTrace Verbose: 0 : 1472, 1, 2024/09/04, 12:23:02.818, 7036549374272, vstest.console.dll, CurrentDomainAssemblyResolve: Failed to resolve assembly 'Microsoft.Bcl.AsyncInterfaces'.
TpTrace Verbose: 0 : 1472, 1, 2024/09/04, 12:23:02.818, 7036549382621, vstest.console.dll, CurrentDomainAssemblyResolve: Failed to resolve assembly 'Microsoft.Bcl.AsyncInterfaces'.
TpTrace Warning: 0 : 1472, 1, 2024/09/04, 12:23:02.828, 7036549475661, vstest.console.dll, TestPluginDiscoverer: Failed to get types from assembly 'Microsoft.Diagnostics.NETCore.Client, Version=0.2.10.15101, Culture=neutral, PublicKeyToken=31bf3856ad364e35'. Error: System.Reflection.ReflectionTypeLoadException: Unable to load one or more of the requested types.
Could not load file or assembly 'Microsoft.Bcl.AsyncInterfaces, Version=6.0.0.0, Culture=neutral, PublicKeyToken=cc7b13ffcd2ddd51'. The system cannot find the file specified.
   at System.Reflection.RuntimeModule.GetTypes(RuntimeModule module)
   at System.Reflection.RuntimeModule.GetTypes()
   at Microsoft.VisualStudio.TestPlatform.Common.ExtensionFramework.TestPluginDiscoverer.GetTestExtensionsFromAssembly[TPluginInfo,TExtension](Assembly assembly, Dictionary`2 pluginInfos, String filePath) in /_/src/Microsoft.TestPlatform.Common/ExtensionFramework/TestPluginDiscoverer.cs:line 158
System.IO.FileNotFoundException: Could not load file or assembly 'Microsoft.Bcl.AsyncInterfaces, Version=6.0.0.0, Culture=neutral, PublicKeyToken=cc7b13ffcd2ddd51'. The system cannot find the file specified.
File name: 'Microsoft.Bcl.AsyncInterfaces, Version=6.0.0.0, Culture=neutral, PublicKeyToken=cc7b13ffcd2ddd51'
 ---> System.IO.FileNotFoundException: Could not load file or assembly 'Microsoft.Bcl.AsyncInterfaces, Culture=neutral, PublicKeyToken=null'. The system cannot find the file specified.
File name: 'Microsoft.Bcl.AsyncInterfaces, Culture=neutral, PublicKeyToken=null'
   at System.Reflection.RuntimeAssembly.InternalLoad(AssemblyName assemblyName, StackCrawlMark& stackMark, AssemblyLoadContext assemblyLoadContext, RuntimeAssembly requestingAssembly, Boolean throwOnFileNotFound)
   at System.Reflection.Assembly.Load(AssemblyName assemblyRef)
   at Microsoft.VisualStudio.TestPlatform.Common.ExtensionFramework.TestPluginCache.CurrentDomainAssemblyResolve(Object sender, AssemblyResolveEventArgs args) in /_/src/Microsoft.TestPlatform.Common/ExtensionFramework/TestPluginCache.cs:line 513
   at System.Runtime.Loader.AssemblyLoadContext.GetFirstResolvedAssemblyFromResolvingEvent(AssemblyName assemblyName)
   at System.Runtime.Loader.AssemblyLoadContext.ResolveUsingEvent(AssemblyName assemblyName)
   at System.Runtime.Loader.AssemblyLoadContext.ResolveUsingResolvingEvent(IntPtr gchManagedAssemblyLoadContext, AssemblyName assemblyName)
TpTrace Warning: 0 : 1472, 1, 2024/09/04, 12:23:02.828, 7036549480516, vstest.console.dll, LoaderExceptions: System.IO.FileNotFoundException: Could not load file or assembly 'Microsoft.Bcl.AsyncInterfaces, Version=6.0.0.0, Culture=neutral, PublicKeyToken=cc7b13ffcd2ddd51'. The system cannot find the file specified.
File name: 'Microsoft.Bcl.AsyncInterfaces, Version=6.0.0.0, Culture=neutral, PublicKeyToken=cc7b13ffcd2ddd51'
 ---> System.IO.FileNotFoundException: Could not load file or assembly 'Microsoft.Bcl.AsyncInterfaces, Culture=neutral, PublicKeyToken=null'. The system cannot find the file specified.
File name: 'Microsoft.Bcl.AsyncInterfaces, Culture=neutral, PublicKeyToken=null'
   at System.Reflection.RuntimeAssembly.InternalLoad(AssemblyName assemblyName, StackCrawlMark& stackMark, AssemblyLoadContext assemblyLoadContext, RuntimeAssembly requestingAssembly, Boolean throwOnFileNotFound)
   at System.Reflection.Assembly.Load(AssemblyName assemblyRef)
   at Microsoft.VisualStudio.TestPlatform.Common.ExtensionFramework.TestPluginCache.CurrentDomainAssemblyResolve(Object sender, AssemblyResolveEventArgs args) in /_/src/Microsoft.TestPlatform.Common/ExtensionFramework/TestPluginCache.cs:line 513
   at System.Runtime.Loader.AssemblyLoadContext.GetFirstResolvedAssemblyFromResolvingEvent(AssemblyName assemblyName)
   at System.Runtime.Loader.AssemblyLoadContext.ResolveUsingEvent(AssemblyName assemblyName)
   at System.Runtime.Loader.AssemblyLoadContext.ResolveUsingResolvingEvent(IntPtr gchManagedAssemblyLoadContext, AssemblyName assemblyName)
TpTrace Information: 0 : 1472, 1, 2024/09/04, 12:23:02.828, 7036549482565, vstest.console.dll, AssemblyResolver.OnResolve: Microsoft.TestPlatform.Extensions.BlameDataCollector: Resolving assembly.
TpTrace Information: 0 : 1472, 1, 2024/09/04, 12:23:02.829, 7036549483018, vstest.console.dll, AssemblyResolver.OnResolve: Microsoft.TestPlatform.Extensions.BlameDataCollector: Searching in: 'C:\Program Files\dotnet\sdk\8.0.304\Extensions'.
TpTrace Information: 0 : 1472, 1, 2024/09/04, 12:23:02.829, 7036549489255, vstest.console.dll, AssemblyResolver.OnResolve: Microsoft.TestPlatform.Extensions.BlameDataCollector: Loading assembly 'C:\Program Files\dotnet\sdk\8.0.304\Extensions\Microsoft.TestPlatform.Extensions.BlameDataCollector.dll'.
TpTrace Information: 0 : 1472, 1, 2024/09/04, 12:23:02.830, 7036549496873, vstest.console.dll, AssemblyResolver.OnResolve: Resolved assembly: Microsoft.TestPlatform.Extensions.BlameDataCollector, from path: C:\Program Files\dotnet\sdk\8.0.304\Extensions\Microsoft.TestPlatform.Extensions.BlameDataCollector.dll
TpTrace Verbose: 0 : 1472, 1, 2024/09/04, 12:23:02.830, 7036549498169, vstest.console.dll, MetadataReaderExtensionsHelper: Discovering extensions inside assembly 'Microsoft.TestPlatform.Extensions.BlameDataCollector, Version=15.0.0.0, Culture=neutral, PublicKeyToken=b03f5f7f11d50a3a' file path 'C:\Program Files\dotnet\sdk\8.0.304\Extensions\Microsoft.TestPlatform.Extensions.BlameDataCollector.dll'
TpTrace Information: 0 : 1472, 1, 2024/09/04, 12:23:02.832, 7036549514634, vstest.console.dll, AssemblyResolver.OnResolve: Microsoft.TestPlatform.Extensions.EventLogCollector: Resolving assembly.
TpTrace Information: 0 : 1472, 1, 2024/09/04, 12:23:02.832, 7036549515702, vstest.console.dll, AssemblyResolver.OnResolve: Microsoft.TestPlatform.Extensions.EventLogCollector: Searching in: 'C:\Program Files\dotnet\sdk\8.0.304\Extensions'.
TpTrace Information: 0 : 1472, 1, 2024/09/04, 12:23:02.832, 7036549519866, vstest.console.dll, AssemblyResolver.OnResolve: Microsoft.TestPlatform.Extensions.EventLogCollector: Loading assembly 'C:\Program Files\dotnet\sdk\8.0.304\Extensions\Microsoft.TestPlatform.Extensions.EventLogCollector.dll'.
TpTrace Information: 0 : 1472, 1, 2024/09/04, 12:23:02.833, 7036549524996, vstest.console.dll, AssemblyResolver.OnResolve: Resolved assembly: Microsoft.TestPlatform.Extensions.EventLogCollector, from path: C:\Program Files\dotnet\sdk\8.0.304\Extensions\Microsoft.TestPlatform.Extensions.EventLogCollector.dll
TpTrace Verbose: 0 : 1472, 1, 2024/09/04, 12:23:02.833, 7036549525823, vstest.console.dll, MetadataReaderExtensionsHelper: Discovering extensions inside assembly 'Microsoft.TestPlatform.Extensions.EventLogCollector, Version=15.0.0.0, Culture=neutral, PublicKeyToken=b03f5f7f11d50a3a' file path 'C:\Program Files\dotnet\sdk\8.0.304\Extensions\Microsoft.TestPlatform.Extensions.EventLogCollector.dll'
TpTrace Information: 0 : 1472, 1, 2024/09/04, 12:23:02.835, 7036549546103, vstest.console.dll, AssemblyResolver.OnResolve: Microsoft.TestPlatform.TestHostRuntimeProvider: Resolving assembly.
TpTrace Information: 0 : 1472, 1, 2024/09/04, 12:23:02.835, 7036549546740, vstest.console.dll, AssemblyResolver.OnResolve: Microsoft.TestPlatform.TestHostRuntimeProvider: Searching in: 'C:\Program Files\dotnet\sdk\8.0.304\Extensions'.
TpTrace Information: 0 : 1472, 1, 2024/09/04, 12:23:02.835, 7036549548646, vstest.console.dll, AssemblyResolver.OnResolve: Microsoft.TestPlatform.TestHostRuntimeProvider: Loading assembly 'C:\Program Files\dotnet\sdk\8.0.304\Extensions\Microsoft.TestPlatform.TestHostRuntimeProvider.dll'.
TpTrace Information: 0 : 1472, 1, 2024/09/04, 12:23:02.835, 7036549552339, vstest.console.dll, AssemblyResolver.OnResolve: Resolved assembly: Microsoft.TestPlatform.TestHostRuntimeProvider, from path: C:\Program Files\dotnet\sdk\8.0.304\Extensions\Microsoft.TestPlatform.TestHostRuntimeProvider.dll
TpTrace Verbose: 0 : 1472, 1, 2024/09/04, 12:23:02.836, 7036549552973, vstest.console.dll, MetadataReaderExtensionsHelper: Discovering extensions inside assembly 'Microsoft.TestPlatform.TestHostRuntimeProvider, Version=15.0.0.0, Culture=neutral, PublicKeyToken=b03f5f7f11d50a3a' file path 'C:\Program Files\dotnet\sdk\8.0.304\Extensions\Microsoft.TestPlatform.TestHostRuntimeProvider.dll'
TpTrace Information: 0 : 1472, 1, 2024/09/04, 12:23:02.837, 7036549565302, vstest.console.dll, GetTestExtensionFromType: Register extension with identifier data 'HostProvider://DefaultTestHost' and type 'Microsoft.VisualStudio.TestPlatform.CrossPlatEngine.Hosting.DefaultTestHostManager, Microsoft.TestPlatform.TestHostRuntimeProvider, Version=15.0.0.0, Culture=neutral, PublicKeyToken=b03f5f7f11d50a3a' inside file 'C:\Program Files\dotnet\sdk\8.0.304\Extensions\Microsoft.TestPlatform.TestHostRuntimeProvider.dll'
TpTrace Information: 0 : 1472, 1, 2024/09/04, 12:23:02.837, 7036549567381, vstest.console.dll, GetTestExtensionFromType: Register extension with identifier data 'HostProvider://DotnetTestHost' and type 'Microsoft.VisualStudio.TestPlatform.CrossPlatEngine.Hosting.DotnetTestHostManager, Microsoft.TestPlatform.TestHostRuntimeProvider, Version=15.0.0.0, Culture=neutral, PublicKeyToken=b03f5f7f11d50a3a' inside file 'C:\Program Files\dotnet\sdk\8.0.304\Extensions\Microsoft.TestPlatform.TestHostRuntimeProvider.dll'
TpTrace Information: 0 : 1472, 1, 2024/09/04, 12:23:02.837, 7036549567978, vstest.console.dll, AssemblyResolver.OnResolve: Microsoft.VisualStudio.TestPlatform.Extensions.Html.TestLogger: Resolving assembly.
TpTrace Information: 0 : 1472, 1, 2024/09/04, 12:23:02.837, 7036549568221, vstest.console.dll, AssemblyResolver.OnResolve: Microsoft.VisualStudio.TestPlatform.Extensions.Html.TestLogger: Searching in: 'C:\Program Files\dotnet\sdk\8.0.304\Extensions'.
TpTrace Information: 0 : 1472, 1, 2024/09/04, 12:23:02.837, 7036549570633, vstest.console.dll, AssemblyResolver.OnResolve: Microsoft.VisualStudio.TestPlatform.Extensions.Html.TestLogger: Loading assembly 'C:\Program Files\dotnet\sdk\8.0.304\Extensions\Microsoft.VisualStudio.TestPlatform.Extensions.Html.TestLogger.dll'.
TpTrace Information: 0 : 1472, 1, 2024/09/04, 12:23:02.838, 7036549574466, vstest.console.dll, AssemblyResolver.OnResolve: Resolved assembly: Microsoft.VisualStudio.TestPlatform.Extensions.Html.TestLogger, from path: C:\Program Files\dotnet\sdk\8.0.304\Extensions\Microsoft.VisualStudio.TestPlatform.Extensions.Html.TestLogger.dll
TpTrace Verbose: 0 : 1472, 1, 2024/09/04, 12:23:02.838, 7036549574943, vstest.console.dll, MetadataReaderExtensionsHelper: Discovering extensions inside assembly 'Microsoft.VisualStudio.TestPlatform.Extensions.Html.TestLogger, Version=15.0.0.0, Culture=neutral, PublicKeyToken=b03f5f7f11d50a3a' file path 'C:\Program Files\dotnet\sdk\8.0.304\Extensions\Microsoft.VisualStudio.TestPlatform.Extensions.Html.TestLogger.dll'
TpTrace Information: 0 : 1472, 1, 2024/09/04, 12:23:02.838, 7036549581428, vstest.console.dll, AssemblyResolver.OnResolve: Microsoft.VisualStudio.TestPlatform.Extensions.Trx.TestLogger: Resolving assembly.
TpTrace Information: 0 : 1472, 1, 2024/09/04, 12:23:02.838, 7036549581948, vstest.console.dll, AssemblyResolver.OnResolve: Microsoft.VisualStudio.TestPlatform.Extensions.Trx.TestLogger: Searching in: 'C:\Program Files\dotnet\sdk\8.0.304\Extensions'.
TpTrace Information: 0 : 1472, 1, 2024/09/04, 12:23:02.839, 7036549583784, vstest.console.dll, AssemblyResolver.OnResolve: Microsoft.VisualStudio.TestPlatform.Extensions.Trx.TestLogger: Loading assembly 'C:\Program Files\dotnet\sdk\8.0.304\Extensions\Microsoft.VisualStudio.TestPlatform.Extensions.Trx.TestLogger.dll'.
TpTrace Information: 0 : 1472, 1, 2024/09/04, 12:23:02.840, 7036549593476, vstest.console.dll, AssemblyResolver.OnResolve: Resolved assembly: Microsoft.VisualStudio.TestPlatform.Extensions.Trx.TestLogger, from path: C:\Program Files\dotnet\sdk\8.0.304\Extensions\Microsoft.VisualStudio.TestPlatform.Extensions.Trx.TestLogger.dll
TpTrace Verbose: 0 : 1472, 1, 2024/09/04, 12:23:02.840, 7036549595373, vstest.console.dll, MetadataReaderExtensionsHelper: Discovering extensions inside assembly 'Microsoft.VisualStudio.TestPlatform.Extensions.Trx.TestLogger, Version=15.0.0.0, Culture=neutral, PublicKeyToken=b03f5f7f11d50a3a' file path 'C:\Program Files\dotnet\sdk\8.0.304\Extensions\Microsoft.VisualStudio.TestPlatform.Extensions.Trx.TestLogger.dll'
TpTrace Verbose: 0 : 1472, 1, 2024/09/04, 12:23:02.841, 7036549606497, vstest.console.dll, TestPluginCache: Discovered the extensions using extension path ''.
TpTrace Verbose: 0 : 1472, 1, 2024/09/04, 12:23:02.841, 7036549607529, vstest.console.dll, TestPluginCache: Discoverers are ''.
TpTrace Verbose: 0 : 1472, 1, 2024/09/04, 12:23:02.841, 7036549607671, vstest.console.dll, TestPluginCache: Executors are ''.
TpTrace Verbose: 0 : 1472, 1, 2024/09/04, 12:23:02.841, 7036549607890, vstest.console.dll, TestPluginCache: Executors2 are ''.
TpTrace Verbose: 0 : 1472, 1, 2024/09/04, 12:23:02.841, 7036549608022, vstest.console.dll, TestPluginCache: Setting providers are ''.
TpTrace Verbose: 0 : 1472, 1, 2024/09/04, 12:23:02.841, 7036549608157, vstest.console.dll, TestPluginCache: Loggers are ''.
TpTrace Verbose: 0 : 1472, 1, 2024/09/04, 12:23:02.841, 7036549609142, vstest.console.dll, TestPluginCache: TestHosts are 'HostProvider://DefaultTestHost,HostProvider://DotnetTestHost'.
TpTrace Verbose: 0 : 1472, 1, 2024/09/04, 12:23:02.841, 7036549609405, vstest.console.dll, TestPluginCache: DataCollectors are ''.
TpTrace Information: 0 : 1472, 1, 2024/09/04, 12:23:02.851, 7036549707233, vstest.console.dll, RunTestsArgumentProcessor:Execute: Test run is starting.
TpTrace Verbose: 0 : 1472, 1, 2024/09/04, 12:23:02.851, 7036549708047, vstest.console.dll, RunTestsArgumentProcessor:Execute: Queuing Test run.
TpTrace Information: 0 : 1472, 1, 2024/09/04, 12:23:02.851, 7036549709405, vstest.console.dll, TestRequestManager.RunTests: run tests started.
TpTrace Information: 0 : 1472, 1, 2024/09/04, 12:23:02.852, 7036549721996, vstest.console.dll, AssemblyMetadataProvider.GetFrameworkName: Determined framework:'.NETCoreApp,Version=v8.0' for source: 'C:\Users\Aman.Tomar\source\BankApplication\ConsoleApp1\BankApplication.BusinessLayer.Tests\bin\Debug\net8.0\fine-code-coverage\build-output\BankApplication.BusinessLayer.Tests.dll'
TpTrace Information: 0 : 1472, 1, 2024/09/04, 12:23:02.853, 7036549723722, vstest.console.dll, Determined framework for all sources: .NETCoreApp,Version=v8.0
TpTrace Verbose: 0 : 1472, 1, 2024/09/04, 12:23:02.853, 7036549726553, vstest.console.dll, TestRequestManager.UpdateRunSettingsIfRequired: Default architecture: X64 IsDefaultTargetArchitecture: True, Current process architecture: X64 OperatingSystem: Windows.
TpTrace Information: 0 : 1472, 1, 2024/09/04, 12:23:02.854, 7036549738890, vstest.console.dll, AssemblyMetadataProvider.GetArchitecture: Determined architecture:AnyCPU info for assembly: C:\Users\Aman.Tomar\source\BankApplication\ConsoleApp1\BankApplication.BusinessLayer.Tests\bin\Debug\net8.0\fine-code-coverage\build-output\BankApplication.BusinessLayer.Tests.dll
TpTrace Information: 0 : 1472, 1, 2024/09/04, 12:23:02.854, 7036549739408, vstest.console.dll, Determined platform for source 'C:\Users\Aman.Tomar\source\BankApplication\ConsoleApp1\BankApplication.BusinessLayer.Tests\bin\Debug\net8.0\fine-code-coverage\build-output\BankApplication.BusinessLayer.Tests.dll' was AnyCPU and it will use the default plaform X64.
TpTrace Information: 0 : 1472, 1, 2024/09/04, 12:23:02.854, 7036549739563, vstest.console.dll, None of the sources provided any runnable platform, using the default platform: X64
TpTrace Information: 0 : 1472, 1, 2024/09/04, 12:23:02.854, 7036549740201, vstest.console.dll, Platform was updated to 'X64'.
TpTrace Information: 0 : 1472, 1, 2024/09/04, 12:23:02.857, 7036549763158, vstest.console.dll, InferRunSettingsHelper.IsTestSettingsEnabled: Unable to navigate to RunSettings/MSTest. Current node: RunSettings
TpTrace Information: 0 : 1472, 1, 2024/09/04, 12:23:02.857, 7036549767707, vstest.console.dll, AssemblyResolver.OnResolve: Microsoft.VisualStudio.TestPlatform.Fakes: Resolving assembly.
TpTrace Information: 0 : 1472, 1, 2024/09/04, 12:23:02.857, 7036549768162, vstest.console.dll, AssemblyResolver.OnResolve: Microsoft.VisualStudio.TestPlatform.Fakes: Searching in: 'C:\Program Files\dotnet\sdk\8.0.304\Extensions'.
TpTrace Information: 0 : 1472, 1, 2024/09/04, 12:23:02.857, 7036549768765, vstest.console.dll, AssemblyResolver.OnResolve: Microsoft.VisualStudio.TestPlatform.Fakes: Assembly path does not exist: 'C:\Program Files\dotnet\sdk\8.0.304\Extensions\Microsoft.VisualStudio.TestPlatform.Fakes.dll', returning.
TpTrace Information: 0 : 1472, 1, 2024/09/04, 12:23:02.857, 7036549769065, vstest.console.dll, AssemblyResolver.OnResolve: Microsoft.VisualStudio.TestPlatform.Fakes: Assembly path does not exist: 'C:\Program Files\dotnet\sdk\8.0.304\Extensions\Microsoft.VisualStudio.TestPlatform.Fakes.exe', returning.
TpTrace Information: 0 : 1472, 1, 2024/09/04, 12:23:02.857, 7036549769256, vstest.console.dll, AssemblyResolver.OnResolve: Microsoft.VisualStudio.TestPlatform.Fakes: Searching in: 'C:\Program Files\dotnet\sdk\8.0.304'.
TpTrace Information: 0 : 1472, 1, 2024/09/04, 12:23:02.857, 7036549769579, vstest.console.dll, AssemblyResolver.OnResolve: Microsoft.VisualStudio.TestPlatform.Fakes: Assembly path does not exist: 'C:\Program Files\dotnet\sdk\8.0.304\Microsoft.VisualStudio.TestPlatform.Fakes.dll', returning.
TpTrace Information: 0 : 1472, 1, 2024/09/04, 12:23:02.857, 7036549769826, vstest.console.dll, AssemblyResolver.OnResolve: Microsoft.VisualStudio.TestPlatform.Fakes: Assembly path does not exist: 'C:\Program Files\dotnet\sdk\8.0.304\Microsoft.VisualStudio.TestPlatform.Fakes.exe', returning.
TpTrace Information: 0 : 1472, 1, 2024/09/04, 12:23:02.857, 7036549769968, vstest.console.dll, AssemblyResolver.OnResolve: Microsoft.VisualStudio.TestPlatform.Fakes: Failed to load assembly.
TpTrace Information: 0 : 1472, 1, 2024/09/04, 12:23:02.857, 7036549772008, vstest.console.dll, Failed to load assembly Microsoft.VisualStudio.TestPlatform.Fakes, Version=17.0.0.0, Culture=neutral. Reason:System.IO.FileNotFoundException: Could not load file or assembly 'Microsoft.VisualStudio.TestPlatform.Fakes, Version=17.0.0.0, Culture=neutral, PublicKeyToken=null'. The system cannot find the file specified.
File name: 'Microsoft.VisualStudio.TestPlatform.Fakes, Version=17.0.0.0, Culture=neutral, PublicKeyToken=null'
   at System.Reflection.RuntimeAssembly.InternalLoad(AssemblyName assemblyName, StackCrawlMark& stackMark, AssemblyLoadContext assemblyLoadContext, RuntimeAssembly requestingAssembly, Boolean throwOnFileNotFound)
   at System.Reflection.Assembly.Load(AssemblyName assemblyRef)
   at Microsoft.VisualStudio.TestPlatform.Common.Utilities.FakesUtilities.LoadTestPlatformAssembly() in /_/src/Microsoft.TestPlatform.Common/Utilities/FakesUtilities.cs:line 272
TpTrace Verbose: 0 : 1472, 1, 2024/09/04, 12:23:02.860, 7036549795500, vstest.console.dll, TestPluginCache.DiscoverTestExtensions: finding test extensions in assemblies ends with: TestLogger.dll TPluginInfo: Microsoft.VisualStudio.TestPlatform.Common.ExtensionFramework.Utilities.TestLoggerPluginInformation TExtension: Microsoft.VisualStudio.TestPlatform.ObjectModel.Client.ITestLogger
TpTrace Verbose: 0 : 1472, 1, 2024/09/04, 12:23:02.860, 7036549796353, vstest.console.dll, TestPluginCache.GetExtensionPaths: Filtered extension paths: 
TpTrace Verbose: 0 : 1472, 1, 2024/09/04, 12:23:02.860, 7036549796607, vstest.console.dll, TestPluginCache.GetExtensionPaths: Added default extension paths: C:\Program Files\dotnet\sdk\8.0.304\Extensions\Microsoft.Diagnostics.NETCore.Client.dll
C:\Program Files\dotnet\sdk\8.0.304\Extensions\Microsoft.TestPlatform.Extensions.BlameDataCollector.dll
C:\Program Files\dotnet\sdk\8.0.304\Extensions\Microsoft.TestPlatform.Extensions.EventLogCollector.dll
C:\Program Files\dotnet\sdk\8.0.304\Extensions\Microsoft.TestPlatform.TestHostRuntimeProvider.dll
C:\Program Files\dotnet\sdk\8.0.304\Extensions\Microsoft.VisualStudio.TestPlatform.Extensions.Html.TestLogger.dll
C:\Program Files\dotnet\sdk\8.0.304\Extensions\Microsoft.VisualStudio.TestPlatform.Extensions.Trx.TestLogger.dll
TpTrace Verbose: 0 : 1472, 1, 2024/09/04, 12:23:02.860, 7036549796814, vstest.console.dll, TestPluginCache.GetExtensionPaths: Added unfilterableExtensionPaths: 
TpTrace Information: 0 : 1472, 1, 2024/09/04, 12:23:02.860, 7036549797751, vstest.console.dll, AssemblyResolver.AddSearchDirectories: Adding more searchDirectories C:\Program Files\dotnet\sdk\8.0.304\Extensions,C:\Program Files\dotnet\sdk\8.0.304
TpTrace Verbose: 0 : 1472, 1, 2024/09/04, 12:23:02.860, 7036549798007, vstest.console.dll, TestPluginCache.DiscoverTestExtensions: Discovering the extensions using extension path.
TpTrace Verbose: 0 : 1472, 1, 2024/09/04, 12:23:02.860, 7036549798234, vstest.console.dll, TestPluginCache.GetExtensionPaths: Filtered extension paths: 
TpTrace Verbose: 0 : 1472, 1, 2024/09/04, 12:23:02.860, 7036549798378, vstest.console.dll, TestPluginCache.GetExtensionPaths: Added default extension paths: C:\Program Files\dotnet\sdk\8.0.304\Extensions\Microsoft.Diagnostics.NETCore.Client.dll
C:\Program Files\dotnet\sdk\8.0.304\Extensions\Microsoft.TestPlatform.Extensions.BlameDataCollector.dll
C:\Program Files\dotnet\sdk\8.0.304\Extensions\Microsoft.TestPlatform.Extensions.EventLogCollector.dll
C:\Program Files\dotnet\sdk\8.0.304\Extensions\Microsoft.TestPlatform.TestHostRuntimeProvider.dll
C:\Program Files\dotnet\sdk\8.0.304\Extensions\Microsoft.VisualStudio.TestPlatform.Extensions.Html.TestLogger.dll
C:\Program Files\dotnet\sdk\8.0.304\Extensions\Microsoft.VisualStudio.TestPlatform.Extensions.Trx.TestLogger.dll
TpTrace Verbose: 0 : 1472, 1, 2024/09/04, 12:23:02.860, 7036549798526, vstest.console.dll, TestPluginCache.GetExtensionPaths: Added unfilterableExtensionPaths: 
TpTrace Verbose: 0 : 1472, 1, 2024/09/04, 12:23:02.860, 7036549798737, vstest.console.dll, TestPluginCache.DiscoverTestExtensions: Discovering the extensions using allExtensionPaths: C:\Program Files\dotnet\sdk\8.0.304\Extensions\Microsoft.Diagnostics.NETCore.Client.dll
C:\Program Files\dotnet\sdk\8.0.304\Extensions\Microsoft.TestPlatform.Extensions.BlameDataCollector.dll
C:\Program Files\dotnet\sdk\8.0.304\Extensions\Microsoft.TestPlatform.Extensions.EventLogCollector.dll
C:\Program Files\dotnet\sdk\8.0.304\Extensions\Microsoft.TestPlatform.TestHostRuntimeProvider.dll
C:\Program Files\dotnet\sdk\8.0.304\Extensions\Microsoft.VisualStudio.TestPlatform.Extensions.Html.TestLogger.dll
C:\Program Files\dotnet\sdk\8.0.304\Extensions\Microsoft.VisualStudio.TestPlatform.Extensions.Trx.TestLogger.dll
TpTrace Information: 0 : 1472, 1, 2024/09/04, 12:23:02.860, 7036549799556, vstest.console.dll, AssemblyResolver.AddSearchDirectories: Adding more searchDirectories C:\Program Files\dotnet\sdk\8.0.304\Extensions,C:\Program Files\dotnet\sdk\8.0.304
TpTrace Information: 0 : 1472, 1, 2024/09/04, 12:23:02.860, 7036549799778, vstest.console.dll, AssemblyResolver.AddSearchDirectories: Adding more searchDirectories C:\Program Files\dotnet\sdk\8.0.304\Extensions,C:\Program Files\dotnet\sdk\8.0.304
TpTrace Information: 0 : 1472, 1, 2024/09/04, 12:23:02.860, 7036549799931, vstest.console.dll, AssemblyResolver.AddSearchDirectories: Adding more searchDirectories C:\Program Files\dotnet\sdk\8.0.304\Extensions,C:\Program Files\dotnet\sdk\8.0.304
TpTrace Information: 0 : 1472, 1, 2024/09/04, 12:23:02.860, 7036549800081, vstest.console.dll, AssemblyResolver.AddSearchDirectories: Adding more searchDirectories C:\Program Files\dotnet\sdk\8.0.304\Extensions,C:\Program Files\dotnet\sdk\8.0.304
TpTrace Information: 0 : 1472, 1, 2024/09/04, 12:23:02.860, 7036549800264, vstest.console.dll, AssemblyResolver.AddSearchDirectories: Adding more searchDirectories C:\Program Files\dotnet\sdk\8.0.304\Extensions,C:\Program Files\dotnet\sdk\8.0.304
TpTrace Information: 0 : 1472, 1, 2024/09/04, 12:23:02.860, 7036549800412, vstest.console.dll, AssemblyResolver.AddSearchDirectories: Adding more searchDirectories C:\Program Files\dotnet\sdk\8.0.304\Extensions,C:\Program Files\dotnet\sdk\8.0.304
TpTrace Verbose: 0 : 1472, 1, 2024/09/04, 12:23:02.860, 7036549801231, vstest.console.dll, MetadataReaderExtensionsHelper: Discovering extensions inside assembly 'Microsoft.Diagnostics.NETCore.Client, Version=0.2.10.15101, Culture=neutral, PublicKeyToken=31bf3856ad364e35' file path 'C:\Program Files\dotnet\sdk\8.0.304\Extensions\Microsoft.Diagnostics.NETCore.Client.dll'
TpTrace Information: 0 : 1472, 1, 2024/09/04, 12:23:02.861, 7036549807208, vstest.console.dll, AssemblyResolver.OnResolve: Microsoft.Bcl.AsyncInterfaces: Resolving assembly.
TpTrace Information: 0 : 1472, 1, 2024/09/04, 12:23:02.861, 7036549807795, vstest.console.dll, AssemblyResolver.OnResolve: Microsoft.Bcl.AsyncInterfaces: Resolved from cache.
TpTrace Verbose: 0 : 1472, 1, 2024/09/04, 12:23:02.861, 7036549807964, vstest.console.dll, CurrentDomainAssemblyResolve: Resolving assembly 'Microsoft.Bcl.AsyncInterfaces'.
TpTrace Information: 0 : 1472, 1, 2024/09/04, 12:23:02.861, 7036549808256, vstest.console.dll, AssemblyResolver.OnResolve: Microsoft.Bcl.AsyncInterfaces: Resolving assembly.
TpTrace Information: 0 : 1472, 1, 2024/09/04, 12:23:02.861, 7036549808403, vstest.console.dll, AssemblyResolver.OnResolve: Microsoft.Bcl.AsyncInterfaces: Resolved from cache.
TpTrace Verbose: 0 : 1472, 1, 2024/09/04, 12:23:02.861, 7036549808537, vstest.console.dll, CurrentDomainAssemblyResolve: Resolving assembly 'Microsoft.Bcl.AsyncInterfaces'.
TpTrace Verbose: 0 : 1472, 1, 2024/09/04, 12:23:02.861, 7036549808673, vstest.console.dll, CurrentDomainAssemblyResolve: Failed to resolve assembly 'Microsoft.Bcl.AsyncInterfaces'.
TpTrace Verbose: 0 : 1472, 1, 2024/09/04, 12:23:02.861, 7036549809811, vstest.console.dll, CurrentDomainAssemblyResolve: Failed to resolve assembly 'Microsoft.Bcl.AsyncInterfaces'.
TpTrace Warning: 0 : 1472, 1, 2024/09/04, 12:23:02.861, 7036549812092, vstest.console.dll, TestPluginDiscoverer: Failed to get types from assembly 'Microsoft.Diagnostics.NETCore.Client, Version=0.2.10.15101, Culture=neutral, PublicKeyToken=31bf3856ad364e35'. Error: System.Reflection.ReflectionTypeLoadException: Unable to load one or more of the requested types.
Could not load file or assembly 'Microsoft.Bcl.AsyncInterfaces, Version=6.0.0.0, Culture=neutral, PublicKeyToken=cc7b13ffcd2ddd51'. The system cannot find the file specified.
   at System.Reflection.RuntimeModule.GetTypes(RuntimeModule module)
   at System.Reflection.RuntimeModule.GetTypes()
   at Microsoft.VisualStudio.TestPlatform.Common.ExtensionFramework.TestPluginDiscoverer.GetTestExtensionsFromAssembly[TPluginInfo,TExtension](Assembly assembly, Dictionary`2 pluginInfos, String filePath) in /_/src/Microsoft.TestPlatform.Common/ExtensionFramework/TestPluginDiscoverer.cs:line 158
System.IO.FileNotFoundException: Could not load file or assembly 'Microsoft.Bcl.AsyncInterfaces, Version=6.0.0.0, Culture=neutral, PublicKeyToken=cc7b13ffcd2ddd51'. The system cannot find the file specified.
File name: 'Microsoft.Bcl.AsyncInterfaces, Version=6.0.0.0, Culture=neutral, PublicKeyToken=cc7b13ffcd2ddd51'
 ---> System.IO.FileNotFoundException: Could not load file or assembly 'Microsoft.Bcl.AsyncInterfaces, Culture=neutral, PublicKeyToken=null'. The system cannot find the file specified.
File name: 'Microsoft.Bcl.AsyncInterfaces, Culture=neutral, PublicKeyToken=null'
   at System.Reflection.RuntimeAssembly.InternalLoad(AssemblyName assemblyName, StackCrawlMark& stackMark, AssemblyLoadContext assemblyLoadContext, RuntimeAssembly requestingAssembly, Boolean throwOnFileNotFound)
   at System.Reflection.Assembly.Load(AssemblyName assemblyRef)
   at Microsoft.VisualStudio.TestPlatform.Common.ExtensionFramework.TestPluginCache.CurrentDomainAssemblyResolve(Object sender, AssemblyResolveEventArgs args) in /_/src/Microsoft.TestPlatform.Common/ExtensionFramework/TestPluginCache.cs:line 513
   at System.Runtime.Loader.AssemblyLoadContext.GetFirstResolvedAssemblyFromResolvingEvent(AssemblyName assemblyName)
   at System.Runtime.Loader.AssemblyLoadContext.ResolveUsingEvent(AssemblyName assemblyName)
   at System.Runtime.Loader.AssemblyLoadContext.ResolveUsingResolvingEvent(IntPtr gchManagedAssemblyLoadContext, AssemblyName assemblyName)
TpTrace Warning: 0 : 1472, 1, 2024/09/04, 12:23:02.862, 7036549813140, vstest.console.dll, LoaderExceptions: System.IO.FileNotFoundException: Could not load file or assembly 'Microsoft.Bcl.AsyncInterfaces, Version=6.0.0.0, Culture=neutral, PublicKeyToken=cc7b13ffcd2ddd51'. The system cannot find the file specified.
File name: 'Microsoft.Bcl.AsyncInterfaces, Version=6.0.0.0, Culture=neutral, PublicKeyToken=cc7b13ffcd2ddd51'
 ---> System.IO.FileNotFoundException: Could not load file or assembly 'Microsoft.Bcl.AsyncInterfaces, Culture=neutral, PublicKeyToken=null'. The system cannot find the file specified.
File name: 'Microsoft.Bcl.AsyncInterfaces, Culture=neutral, PublicKeyToken=null'
   at System.Reflection.RuntimeAssembly.InternalLoad(AssemblyName assemblyName, StackCrawlMark& stackMark, AssemblyLoadContext assemblyLoadContext, RuntimeAssembly requestingAssembly, Boolean throwOnFileNotFound)
   at System.Reflection.Assembly.Load(AssemblyName assemblyRef)
   at Microsoft.VisualStudio.TestPlatform.Common.ExtensionFramework.TestPluginCache.CurrentDomainAssemblyResolve(Object sender, AssemblyResolveEventArgs args) in /_/src/Microsoft.TestPlatform.Common/ExtensionFramework/TestPluginCache.cs:line 513
   at System.Runtime.Loader.AssemblyLoadContext.GetFirstResolvedAssemblyFromResolvingEvent(AssemblyName assemblyName)
   at System.Runtime.Loader.AssemblyLoadContext.ResolveUsingEvent(AssemblyName assemblyName)
   at System.Runtime.Loader.AssemblyLoadContext.ResolveUsingResolvingEvent(IntPtr gchManagedAssemblyLoadContext, AssemblyName assemblyName)
TpTrace Verbose: 0 : 1472, 1, 2024/09/04, 12:23:02.862, 7036549813677, vstest.console.dll, MetadataReaderExtensionsHelper: Discovering extensions inside assembly 'Microsoft.TestPlatform.Extensions.BlameDataCollector, Version=15.0.0.0, Culture=neutral, PublicKeyToken=b03f5f7f11d50a3a' file path 'C:\Program Files\dotnet\sdk\8.0.304\Extensions\Microsoft.TestPlatform.Extensions.BlameDataCollector.dll'
TpTrace Information: 0 : 1472, 1, 2024/09/04, 12:23:02.862, 7036549817477, vstest.console.dll, GetTestExtensionFromType: Register extension with identifier data 'logger://Microsoft/TestPlatform/Extensions/Blame/v1' and type 'Microsoft.TestPlatform.Extensions.BlameDataCollector.BlameLogger, Microsoft.TestPlatform.Extensions.BlameDataCollector, Version=15.0.0.0, Culture=neutral, PublicKeyToken=b03f5f7f11d50a3a' inside file 'C:\Program Files\dotnet\sdk\8.0.304\Extensions\Microsoft.TestPlatform.Extensions.BlameDataCollector.dll'
TpTrace Verbose: 0 : 1472, 1, 2024/09/04, 12:23:02.862, 7036549818089, vstest.console.dll, MetadataReaderExtensionsHelper: Discovering extensions inside assembly 'Microsoft.TestPlatform.Extensions.EventLogCollector, Version=15.0.0.0, Culture=neutral, PublicKeyToken=b03f5f7f11d50a3a' file path 'C:\Program Files\dotnet\sdk\8.0.304\Extensions\Microsoft.TestPlatform.Extensions.EventLogCollector.dll'
TpTrace Verbose: 0 : 1472, 1, 2024/09/04, 12:23:02.862, 7036549820225, vstest.console.dll, MetadataReaderExtensionsHelper: Discovering extensions inside assembly 'Microsoft.TestPlatform.TestHostRuntimeProvider, Version=15.0.0.0, Culture=neutral, PublicKeyToken=b03f5f7f11d50a3a' file path 'C:\Program Files\dotnet\sdk\8.0.304\Extensions\Microsoft.TestPlatform.TestHostRuntimeProvider.dll'
TpTrace Verbose: 0 : 1472, 1, 2024/09/04, 12:23:02.862, 7036549822312, vstest.console.dll, MetadataReaderExtensionsHelper: Discovering extensions inside assembly 'Microsoft.VisualStudio.TestPlatform.Extensions.Html.TestLogger, Version=15.0.0.0, Culture=neutral, PublicKeyToken=b03f5f7f11d50a3a' file path 'C:\Program Files\dotnet\sdk\8.0.304\Extensions\Microsoft.VisualStudio.TestPlatform.Extensions.Html.TestLogger.dll'
TpTrace Information: 0 : 1472, 1, 2024/09/04, 12:23:02.863, 7036549827272, vstest.console.dll, GetTestExtensionFromType: Register extension with identifier data 'logger://Microsoft/TestPlatform/HtmlLogger/v1' and type 'Microsoft.VisualStudio.TestPlatform.Extensions.HtmlLogger.HtmlLogger, Microsoft.VisualStudio.TestPlatform.Extensions.Html.TestLogger, Version=15.0.0.0, Culture=neutral, PublicKeyToken=b03f5f7f11d50a3a' inside file 'C:\Program Files\dotnet\sdk\8.0.304\Extensions\Microsoft.VisualStudio.TestPlatform.Extensions.Html.TestLogger.dll'
TpTrace Verbose: 0 : 1472, 1, 2024/09/04, 12:23:02.863, 7036549828043, vstest.console.dll, MetadataReaderExtensionsHelper: Discovering extensions inside assembly 'Microsoft.VisualStudio.TestPlatform.Extensions.Trx.TestLogger, Version=15.0.0.0, Culture=neutral, PublicKeyToken=b03f5f7f11d50a3a' file path 'C:\Program Files\dotnet\sdk\8.0.304\Extensions\Microsoft.VisualStudio.TestPlatform.Extensions.Trx.TestLogger.dll'
TpTrace Information: 0 : 1472, 1, 2024/09/04, 12:23:02.863, 7036549831856, vstest.console.dll, GetTestExtensionFromType: Register extension with identifier data 'logger://Microsoft/TestPlatform/TrxLogger/v1' and type 'Microsoft.VisualStudio.TestPlatform.Extensions.TrxLogger.TrxLogger, Microsoft.VisualStudio.TestPlatform.Extensions.Trx.TestLogger, Version=15.0.0.0, Culture=neutral, PublicKeyToken=b03f5f7f11d50a3a' inside file 'C:\Program Files\dotnet\sdk\8.0.304\Extensions\Microsoft.VisualStudio.TestPlatform.Extensions.Trx.TestLogger.dll'
TpTrace Verbose: 0 : 1472, 1, 2024/09/04, 12:23:02.863, 7036549832674, vstest.console.dll, TestPluginCache: Discovered the extensions using extension path ''.
TpTrace Verbose: 0 : 1472, 1, 2024/09/04, 12:23:02.864, 7036549832859, vstest.console.dll, TestPluginCache: Discoverers are ''.
TpTrace Verbose: 0 : 1472, 1, 2024/09/04, 12:23:02.864, 7036549832992, vstest.console.dll, TestPluginCache: Executors are ''.
TpTrace Verbose: 0 : 1472, 1, 2024/09/04, 12:23:02.864, 7036549833121, vstest.console.dll, TestPluginCache: Executors2 are ''.
TpTrace Verbose: 0 : 1472, 1, 2024/09/04, 12:23:02.864, 7036549833248, vstest.console.dll, TestPluginCache: Setting providers are ''.
TpTrace Verbose: 0 : 1472, 1, 2024/09/04, 12:23:02.864, 7036549833782, vstest.console.dll, TestPluginCache: Loggers are 'logger://Microsoft/TestPlatform/Extensions/Blame/v1,logger://Microsoft/TestPlatform/HtmlLogger/v1,logger://Microsoft/TestPlatform/TrxLogger/v1'.
TpTrace Verbose: 0 : 1472, 1, 2024/09/04, 12:23:02.864, 7036549833988, vstest.console.dll, TestPluginCache: TestHosts are 'HostProvider://DefaultTestHost,HostProvider://DotnetTestHost'.
TpTrace Verbose: 0 : 1472, 1, 2024/09/04, 12:23:02.864, 7036549834122, vstest.console.dll, TestPluginCache: DataCollectors are ''.
TpTrace Information: 0 : 1472, 1, 2024/09/04, 12:23:02.864, 7036549840985, vstest.console.dll, TestPluginManager.CreateTestExtension: Attempting to load test extension: Microsoft.TestPlatform.Extensions.BlameDataCollector.BlameLogger
TpTrace Verbose: 0 : 1472, 1, 2024/09/04, 12:23:02.870, 7036549896415, vstest.console.dll, TestEngine: Initializing Parallel Execution as MaxCpuCount is set to: 1
TpTrace Information: 0 : 1472, 1, 2024/09/04, 12:23:02.871, 7036549907174, vstest.console.dll, TestPluginManager.CreateTestExtension: Attempting to load test extension: Microsoft.VisualStudio.TestPlatform.CrossPlatEngine.Hosting.DefaultTestHostManager
TpTrace Information: 0 : 1472, 1, 2024/09/04, 12:23:02.872, 7036549914793, vstest.console.dll, TestPluginManager.CreateTestExtension: Attempting to load test extension: Microsoft.VisualStudio.TestPlatform.CrossPlatEngine.Hosting.DotnetTestHostManager
TpTrace Information: 0 : 1472, 1, 2024/09/04, 12:23:02.872, 7036549918880, vstest.console.dll, InferRunSettingsHelper.IsTestSettingsEnabled: Unable to navigate to RunSettings/MSTest. Current node: RunSettings
TpTrace Verbose: 0 : 1472, 1, 2024/09/04, 12:23:02.873, 7036549923201, vstest.console.dll, ParallelOperationManager.ClearSlots: Clearing all slots. Slots should accept more work: True
TpTrace Verbose: 0 : 1472, 1, 2024/09/04, 12:23:02.873, 7036549927674, vstest.console.dll, ParallelOperationManager.SetOccupiedSlotCount: Setting slot counts AvailableSlotCount = 1, OccupiedSlotCount = 0.
TpTrace Verbose: 0 : 1472, 1, 2024/09/04, 12:23:02.873, 7036549930567, vstest.console.dll, Occupied slots:

TpTrace Verbose: 0 : 1472, 1, 2024/09/04, 12:23:02.876, 7036549960632, vstest.console.dll, TestEngine.GetExecutionManager: Chosen execution manager 'Microsoft.VisualStudio.TestPlatform.CrossPlatEngine.Client.Parallel.ParallelProxyExecutionManager, Microsoft.TestPlatform.CrossPlatEngine, Version=15.0.0.0, Culture=neutral, PublicKeyToken=b03f5f7f11d50a3a' ParallelLevel '1'.
TpTrace Verbose: 0 : 1472, 1, 2024/09/04, 12:23:02.876, 7036549961994, vstest.console.dll, TestRunRequest.ExecuteAsync: Creating test run request.
TpTrace Verbose: 0 : 1472, 1, 2024/09/04, 12:23:02.877, 7036549963511, vstest.console.dll, TestRunRequest.ExecuteAsync: Starting.
TpTrace Information: 0 : 1472, 1, 2024/09/04, 12:23:02.878, 7036549973917, vstest.console.dll, TestRunRequest.ExecuteAsync: Starting run with settings:TestRunCriteria:
   KeepAlive=False,FrequencyOfRunStatsChangeEvent=10,RunStatsChangeEventTimeout=00:00:01.5000000,TestCaseFilter=,TestExecutorLauncher=
   Settingsxml=<RunSettings>
  <RunConfiguration>
    <ResultsDirectory>C:\Users\Aman.Tomar\source\BankApplication\ConsoleApp1\BankApplication.BusinessLayer.Tests\bin\Debug\net8.0\fine-code-coverage\coverage-tool-output</ResultsDirectory>
    <TargetPlatform>X64</TargetPlatform>
    <TargetFrameworkVersion>.NETCoreApp,Version=v8.0</TargetFrameworkVersion>
    <DesignMode>False</DesignMode>
    <CollectSourceInformation>False</CollectSourceInformation>
  </RunConfiguration>
  <LoggerRunSettings>
    <Loggers>
      <Logger friendlyName="blame" enabled="True" />
      <Logger friendlyName="Console" uri="logger://microsoft/TestPlatform/ConsoleLogger/v1" assemblyQualifiedName="Microsoft.VisualStudio.TestPlatform.CommandLine.Internal.ConsoleLogger, vstest.console, Version=15.0.0.0, Culture=neutral, PublicKeyToken=b03f5f7f11d50a3a" codeBase="C:\Program Files\dotnet\sdk\8.0.304\vstest.console.dll" enabled="True" />
    </Loggers>
  </LoggerRunSettings>
  <DataCollectionRunSettings>
    <DataCollectors>
      <DataCollector friendlyName="blame" enabled="True">
        <Configuration>
          <ResultsDirectory>C:\Users\Aman.Tomar\source\BankApplication\ConsoleApp1\BankApplication.BusinessLayer.Tests\bin\Debug\net8.0\fine-code-coverage\coverage-tool-output</ResultsDirectory>
        </Configuration>
      </DataCollector>
    </DataCollectors>
  </DataCollectionRunSettings>
</RunSettings>

TpTrace Verbose: 0 : 1472, 1, 2024/09/04, 12:23:02.878, 7036549974579, vstest.console.dll, TestRunRequest.ExecuteAsync: Wait for the first run request is over.
TpTrace Verbose: 0 : 1472, 1, 2024/09/04, 12:23:02.878, 7036549977212, vstest.console.dll, MulticastDelegateUtilities.SafeInvoke: TestRun.TestRunStart: Invoking callbacks was skipped because there are no subscribers.
TpTrace Verbose: 0 : 1472, 4, 2024/09/04, 12:23:02.878, 7036549979988, vstest.console.dll, MulticastDelegateUtilities.SafeInvoke: InternalTestLoggerEvents.SendTestRunStart: Invoking callback 1/1 for Microsoft.VisualStudio.TestPlatform.CommandLine.Internal.ConsoleLogger., took 0 ms.
TpTrace Verbose: 0 : 1472, 1, 2024/09/04, 12:23:02.879, 7036549986343, vstest.console.dll, ParallelProxyExecutionManager: Start execution. Total sources: 1
TpTrace Verbose: 0 : 1472, 1, 2024/09/04, 12:23:02.879, 7036549990298, vstest.console.dll, ParallelOperationManager.StartWork: Starting adding 1 workloads.
TpTrace Verbose: 0 : 1472, 1, 2024/09/04, 12:23:02.879, 7036549990940, vstest.console.dll, ParallelOperationManager.ClearSlots: Clearing all slots. Slots should accept more work: True
TpTrace Verbose: 0 : 1472, 1, 2024/09/04, 12:23:02.879, 7036549991466, vstest.console.dll, ParallelOperationManager.SetOccupiedSlotCount: Setting slot counts AvailableSlotCount = 1, OccupiedSlotCount = 0.
TpTrace Verbose: 0 : 1472, 1, 2024/09/04, 12:23:02.879, 7036549991700, vstest.console.dll, Occupied slots:

TpTrace Verbose: 0 : 1472, 1, 2024/09/04, 12:23:02.881, 7036550004016, vstest.console.dll, TestRequestSender is acting as server.
TpTrace Verbose: 0 : 1472, 1, 2024/09/04, 12:23:02.881, 7036550012530, vstest.console.dll, ParallelOperationManager.RunWorkInParallel: Adding 1 workload to slot, remaining workloads 0.
TpTrace Verbose: 0 : 1472, 1, 2024/09/04, 12:23:02.882, 7036550012999, vstest.console.dll, ParallelOperationManager.SetOccupiedSlotCount: Setting slot counts AvailableSlotCount = 0, OccupiedSlotCount = 1.
TpTrace Verbose: 0 : 1472, 1, 2024/09/04, 12:23:02.882, 7036550013720, vstest.console.dll, Occupied slots:
0: C:\Users\Aman.Tomar\source\BankApplication\ConsoleApp1\BankApplication.BusinessLayer.Tests\bin\Debug\net8.0\fine-code-coverage\build-output\BankApplication.BusinessLayer.Tests.dll
TpTrace Verbose: 0 : 1472, 1, 2024/09/04, 12:23:02.882, 7036550021045, vstest.console.dll, ParallelOperationManager.RunWorkInParallel: Started host in slot number 0 for work (source): C:\Users\Aman.Tomar\source\BankApplication\ConsoleApp1\BankApplication.BusinessLayer.Tests\bin\Debug\net8.0\fine-code-coverage\build-output\BankApplication.BusinessLayer.Tests.dll.
TpTrace Verbose: 0 : 1472, 1, 2024/09/04, 12:23:02.883, 7036550027793, vstest.console.dll, ParallelOperationManager.RunWorkInParallel: We started 1 work items, which is the max parallel level. Won't start more work.
TpTrace Verbose: 0 : 1472, 1, 2024/09/04, 12:23:02.883, 7036550028394, vstest.console.dll, ParallelOperationManager.RunWorkInParallel: We started 1 work items in here, returning True.
TpTrace Information: 0 : 1472, 1, 2024/09/04, 12:23:02.883, 7036550028767, vstest.console.dll, TestRunRequest.ExecuteAsync: Started.
TpTrace Verbose: 0 : 1472, 5, 2024/09/04, 12:23:02.883, 7036550029976, vstest.console.dll, ParallelProxyExecutionManager.StartTestRunOnConcurrentManager: Initializing uninitialized client. Started clients: 0
TpTrace Verbose: 0 : 1472, 5, 2024/09/04, 12:23:02.883, 7036550032380, vstest.console.dll, DataCollectionRequestSender.InitializeCommunication : Initialize communication. 
TpTrace Verbose: 0 : 1472, 1, 2024/09/04, 12:23:02.884, 7036550035306, vstest.console.dll, TestRunRequest.WaitForCompletion: Waiting with timeout -1.
TpTrace Information: 0 : 1472, 5, 2024/09/04, 12:23:02.892, 7036550115413, vstest.console.dll, Listening on Endpoint : 127.0.0.1:56819
TpTrace Verbose: 0 : 1472, 5, 2024/09/04, 12:23:02.897, 7036550172232, vstest.console.dll, DotnetDataCollectionLauncher: Adding  --runtimeconfig "C:\Program Files\dotnet\sdk\8.0.304\datacollector.runtimeconfig.json" in args
TpTrace Verbose: 0 : 1472, 5, 2024/09/04, 12:23:02.898, 7036550173335, vstest.console.dll, DotnetDataCollectionLauncher: Adding  --depsfile "C:\Program Files\dotnet\sdk\8.0.304\datacollector.deps.json" in args
TpTrace Verbose: 0 : 1472, 5, 2024/09/04, 12:23:02.898, 7036550174989, vstest.console.dll, DotnetDataCollectionLauncher: Full path of dotnet.exe is C:\Program Files\dotnet\dotnet.exe
TpTrace Information: 0 : 1472, 5, 2024/09/04, 12:23:02.906, 7036550256253, vstest.console.dll, ProxyDataCollectionManager.Initialize: Launched datacollector processId: 12032 port: 56819
TpTrace Information: 0 : 1472, 5, 2024/09/04, 12:23:02.906, 7036550257876, vstest.console.dll, ProxyDataCollectionManager.Initialize: waiting for connection with timeout: 90 seconds
TpTrace Verbose: 0 : 1472, 5, 2024/09/04, 12:23:02.906, 7036550258389, vstest.console.dll, DataCollectionRequestSender.WaitForRequestHandlerConnection : Waiting for connection with timeout: 90000
TpTrace Information: 0 : 1472, 7, 2024/09/04, 12:23:03.069, 7036551885078, vstest.console.dll, Using the buffer size of 16384 bytes
TpTrace Information: 0 : 1472, 7, 2024/09/04, 12:23:03.069, 7036551887261, vstest.console.dll, Accepted Client request and set the flag
TpTrace Verbose: 0 : 1472, 5, 2024/09/04, 12:23:03.069, 7036551885358, vstest.console.dll, SocketCommunicationManager.WaitForClientConnection took: 162 ms, with 90000 ms timeout, and finished with True.
TpTrace Verbose: 0 : 1472, 5, 2024/09/04, 12:23:03.069, 7036551888820, vstest.console.dll, ProxyDataCollectionManager.InvokeDataCollectionServiceAction: Starting.
TpTrace Information: 0 : 1472, 5, 2024/09/04, 12:23:03.069, 7036551889939, vstest.console.dll, ProxyDataCollectionManager.BeforeTestRunStart: Get environment variable and port for datacollector processId: 12032 port: 56819
TpTrace Verbose: 0 : 1472, 5, 2024/09/04, 12:23:03.069, 7036551891260, vstest.console.dll, DataCollectionRequestSender.SendBeforeTestRunStartAndGetResult: Send BeforeTestRunStart message with settingsXml <RunSettings><RunConfiguration><ResultsDirectory>C:\Users\Aman.Tomar\source\BankApplication\ConsoleApp1\BankApplication.BusinessLayer.Tests\bin\Debug\net8.0\fine-code-coverage\coverage-tool-output</ResultsDirectory><TargetPlatform>X64</TargetPlatform><TargetFrameworkVersion>.NETCoreApp,Version=v8.0</TargetFrameworkVersion><DesignMode>False</DesignMode><CollectSourceInformation>False</CollectSourceInformation><TestAdaptersPaths>C:\Program Files\dotnet\sdk\8.0.304\Extensions</TestAdaptersPaths></RunConfiguration><LoggerRunSettings><Loggers><Logger friendlyName="blame" enabled="True" /><Logger friendlyName="Console" uri="logger://microsoft/TestPlatform/ConsoleLogger/v1" assemblyQualifiedName="Microsoft.VisualStudio.TestPlatform.CommandLine.Internal.ConsoleLogger, vstest.console, Version=15.0.0.0, Culture=neutral, PublicKeyToken=b03f5f7f11d50a3a" codeBase="C:\Program Files\dotnet\sdk\8.0.304\vstest.console.dll" enabled="True" /></Loggers></LoggerRunSettings><DataCollectionRunSettings><DataCollectors><DataCollector friendlyName="blame" enabled="True"><Configuration><ResultsDirectory>C:\Users\Aman.Tomar\source\BankApplication\ConsoleApp1\BankApplication.BusinessLayer.Tests\bin\Debug\net8.0\fine-code-coverage\coverage-tool-output</ResultsDirectory></Configuration></DataCollector></DataCollectors></DataCollectionRunSettings></RunSettings> and sources System.Collections.Generic.List`1[System.String]: 
TpTrace Verbose: 0 : 1472, 5, 2024/09/04, 12:23:03.120, 7036552399154, vstest.console.dll, DataCollectionRequestSender.SendBeforeTestRunStartAndGetResult: Received message: (DataCollection.SendMessage) -> {"MessageType":"DataCollection.SendMessage","Payload":{"FriendlyName":null,"Uri":null,"TestCaseId":"00000000-0000-0000-0000-000000000000","Message":"Logging DataCollector Diagnostics in file: C:\\Users\\Aman.Tomar\\source\\BankApplication\\ConsoleApp1\\BankApplication.BusinessLayer.Tests\\bin\\Debug\\net8.0\\fine-code-coverage\\coverage-tool-output\\diagnostics.datacollector.24-09-04_12-23-02_89773_5.log","Level":0}}
TpTrace Verbose: 0 : 1472, 5, 2024/09/04, 12:23:03.194, 7036553142192, vstest.console.dll, DataCollectionRequestSender.SendBeforeTestRunStartAndGetResult: Received message: (DataCollection.BeforeTestRunStartResult) -> {"MessageType":"DataCollection.BeforeTestRunStartResult","Payload":{"EnvironmentVariables":{},"DataCollectionEventsPort":56821}}
TpTrace Information: 0 : 1472, 5, 2024/09/04, 12:23:03.198, 7036553177060, vstest.console.dll, ProxyDataCollectionManager.BeforeTestRunStart: SendBeforeTestRunStartAndGetResult successful, env variable from datacollector:   and testhost port: 56821
TpTrace Information: 0 : 1472, 5, 2024/09/04, 12:23:03.198, 7036553178016, vstest.console.dll, ProxyDataCollectionManager.InvokeDataCollectionServiceAction: Completed.
TpTrace Verbose: 0 : 1472, 5, 2024/09/04, 12:23:03.198, 7036553178245, vstest.console.dll, ParallelProxyExecutionManager.StartTestRunOnConcurrentManager: Initializing test run. Started clients: 0
TpTrace Verbose: 0 : 1472, 5, 2024/09/04, 12:23:03.198, 7036553178842, vstest.console.dll, ProxyExecutionManager: Test host is always Lazy initialize.
TpTrace Verbose: 0 : 1472, 5, 2024/09/04, 12:23:03.198, 7036553181704, vstest.console.dll, TestRequestSender.InitializeCommunication: initialize communication. 
TpTrace Information: 0 : 1472, 5, 2024/09/04, 12:23:03.199, 7036553187252, vstest.console.dll, SocketServer.Start: Listening on endpoint : 127.0.0.1:56822
TpTrace Verbose: 0 : 1472, 5, 2024/09/04, 12:23:03.200, 7036553196496, vstest.console.dll, DotnetTestHostmanager.GetTestHostProcessStartInfo: Platform environment 'X64' target architecture 'X64' framework '.NETCoreApp,Version=v8.0' OS 'Windows'
TpTrace Verbose: 0 : 1472, 5, 2024/09/04, 12:23:03.200, 7036553198276, vstest.console.dll, DotnetTestHostmanager: Adding  --runtimeconfig "C:\Users\Aman.Tomar\source\BankApplication\ConsoleApp1\BankApplication.BusinessLayer.Tests\bin\Debug\net8.0\fine-code-coverage\build-output\BankApplication.BusinessLayer.Tests.runtimeconfig.json" in args
TpTrace Verbose: 0 : 1472, 5, 2024/09/04, 12:23:03.200, 7036553198972, vstest.console.dll, DotnetTestHostmanager: Adding  --depsfile "C:\Users\Aman.Tomar\source\BankApplication\ConsoleApp1\BankApplication.BusinessLayer.Tests\bin\Debug\net8.0\fine-code-coverage\build-output\BankApplication.BusinessLayer.Tests.deps.json" in args
TpTrace Verbose: 0 : 1472, 5, 2024/09/04, 12:23:03.200, 7036553200489, vstest.console.dll, DotnetTestHostmanager.IsWinOnArm: Current PROCESSOR_ARCHITECTURE from environment variable 'AMD64'
TpTrace Verbose: 0 : 1472, 5, 2024/09/04, 12:23:03.200, 7036553200875, vstest.console.dll, DotnetTestHostmanager.IsWinOnArm: Is Windows on ARM 'False'
TpTrace Verbose: 0 : 1472, 5, 2024/09/04, 12:23:03.200, 7036553201554, vstest.console.dll, DotnetTestHostManager: testhost.exe found at path: C:\Users\Aman.Tomar\source\BankApplication\ConsoleApp1\BankApplication.BusinessLayer.Tests\bin\Debug\net8.0\fine-code-coverage\build-output\testhost.exe
TpTrace Verbose: 0 : 1472, 5, 2024/09/04, 12:23:03.200, 7036553201787, vstest.console.dll, DotnetTestHostmanager: Full path of host exe is C:\Users\Aman.Tomar\source\BankApplication\ConsoleApp1\BankApplication.BusinessLayer.Tests\bin\Debug\net8.0\fine-code-coverage\build-output\testhost.exe
TpTrace Verbose: 0 : 1472, 5, 2024/09/04, 12:23:03.200, 7036553202696, vstest.console.dll, DotnetTestHostmanager.LaunchTestHostAsync: Found 'VSTEST_WINAPPHOST_DOTNET_ROOT' in env variables, value 'C:\Program Files\dotnet', forwarding to 'DOTNET_ROOT'
TpTrace Verbose: 0 : 1472, 5, 2024/09/04, 12:23:03.201, 7036553203597, vstest.console.dll, DotnetTestHostManager: Starting process 'C:\Users\Aman.Tomar\source\BankApplication\ConsoleApp1\BankApplication.BusinessLayer.Tests\bin\Debug\net8.0\fine-code-coverage\build-output\testhost.exe' with command line ' --runtimeconfig "C:\Users\Aman.Tomar\source\BankApplication\ConsoleApp1\BankApplication.BusinessLayer.Tests\bin\Debug\net8.0\fine-code-coverage\build-output\BankApplication.BusinessLayer.Tests.runtimeconfig.json" --depsfile "C:\Users\Aman.Tomar\source\BankApplication\ConsoleApp1\BankApplication.BusinessLayer.Tests\bin\Debug\net8.0\fine-code-coverage\build-output\BankApplication.BusinessLayer.Tests.deps.json" --port 56822 --endpoint 127.0.0.1:056822 --role client --parentprocessid 1472 --diag "C:\Users\Aman.Tomar\source\BankApplication\ConsoleApp1\BankApplication.BusinessLayer.Tests\bin\Debug\net8.0\fine-code-coverage\coverage-tool-output\diagnostics.host.24-09-04_12-23-03_20007_5.log" --tracelevel 4 --datacollectionport 56821 --telemetryoptedin false'
TpTrace Verbose: 0 : 1472, 5, 2024/09/04, 12:23:03.210, 7036553300219, vstest.console.dll, MulticastDelegateUtilities.SafeInvoke: HostProviderEvents.OnHostLaunched: Invoking callback 1/2 for Microsoft.VisualStudio.TestPlatform.CrossPlatEngine.Client.ProxyExecutionManagerWithDataCollection., took 1 ms.
TpTrace Verbose: 0 : 1472, 5, 2024/09/04, 12:23:03.211, 7036553303987, vstest.console.dll, Test Runtime launched
TpTrace Verbose: 0 : 1472, 5, 2024/09/04, 12:23:03.211, 7036553304768, vstest.console.dll, MulticastDelegateUtilities.SafeInvoke: HostProviderEvents.OnHostLaunched: Invoking callback 2/2 for Microsoft.VisualStudio.TestPlatform.CrossPlatEngine.Client.ProxyOperationManager., took 0 ms.
TpTrace Verbose: 0 : 1472, 5, 2024/09/04, 12:23:03.211, 7036553306081, vstest.console.dll, TestRequestSender.WaitForRequestHandlerConnection: waiting for connection with timeout: 90000.
TpTrace Verbose: 0 : 1472, 5, 2024/09/04, 12:23:03.396, 7036555154153, vstest.console.dll, TestRequestSender.WaitForRequestHandlerConnection: waiting took 184 ms, with timeout 90000 ms, and result 0, which is success.
TpTrace Verbose: 0 : 1472, 7, 2024/09/04, 12:23:03.396, 7036555154153, vstest.console.dll, MulticastDelegateUtilities.SafeInvoke: SocketServer: ClientConnected: Invoking callback 1/1 for Microsoft.VisualStudio.TestPlatform.CommunicationUtilities.TestRequestSender., took 0 ms.
TpTrace Verbose: 0 : 1472, 7, 2024/09/04, 12:23:03.396, 7036555157256, vstest.console.dll, SocketServer.OnClientConnected: Client connected for endPoint: 127.0.0.1:56822, starting MessageLoopAsync:
TpTrace Verbose: 0 : 1472, 13, 2024/09/04, 12:23:03.403, 7036555231660, vstest.console.dll, TcpClientExtensions.MessageLoopAsync: Polling on remoteEndPoint: 127.0.0.1:56823 localEndPoint: 127.0.0.1:56822 after 0 ms
TpTrace Verbose: 0 : 1472, 5, 2024/09/04, 12:23:03.404, 7036555238441, vstest.console.dll, TestRequestSender.CheckVersionWithTestHost: Sending check version message: {"MessageType":"ProtocolVersion","Payload":7}
TpTrace Verbose: 0 : 1472, 13, 2024/09/04, 12:23:03.492, 7036556121795, vstest.console.dll, TcpClientExtensions.MessageLoopAsync: NotifyDataAvailable remoteEndPoint: 127.0.0.1:56823 localEndPoint: 127.0.0.1:56822
TpTrace Verbose: 0 : 1472, 13, 2024/09/04, 12:23:03.493, 7036556126602, vstest.console.dll, TestRequestSender.CheckVersionWithTestHost: onMessageReceived received message: (ProtocolVersion) -> {"MessageType":"ProtocolVersion","Payload":7}
TpTrace Verbose: 0 : 1472, 13, 2024/09/04, 12:23:03.494, 7036556134182, vstest.console.dll, MulticastDelegateUtilities.SafeInvoke: LengthPrefixCommunicationChannel: MessageReceived: Invoking callback 1/1 for Microsoft.VisualStudio.TestPlatform.CommunicationUtilities.TestRequestSender+<>c__DisplayClass29_0., took 0 ms.
TpTrace Verbose: 0 : 1472, 13, 2024/09/04, 12:23:03.494, 7036556135242, vstest.console.dll, TcpClientExtensions.MessageLoopAsync: Polling on remoteEndPoint: 127.0.0.1:56823 localEndPoint: 127.0.0.1:56822 after 90 ms
TpTrace Verbose: 0 : 1472, 5, 2024/09/04, 12:23:03.494, 7036556135668, vstest.console.dll, TestPluginCache.GetExtensionPaths: Filtered extension paths: 
TpTrace Verbose: 0 : 1472, 5, 2024/09/04, 12:23:03.494, 7036556137369, vstest.console.dll, TestPluginCache.GetExtensionPaths: Added default extension paths: C:\Program Files\dotnet\sdk\8.0.304\Extensions\Microsoft.Diagnostics.NETCore.Client.dll
C:\Program Files\dotnet\sdk\8.0.304\Extensions\Microsoft.TestPlatform.Extensions.BlameDataCollector.dll
C:\Program Files\dotnet\sdk\8.0.304\Extensions\Microsoft.TestPlatform.Extensions.EventLogCollector.dll
C:\Program Files\dotnet\sdk\8.0.304\Extensions\Microsoft.TestPlatform.TestHostRuntimeProvider.dll
C:\Program Files\dotnet\sdk\8.0.304\Extensions\Microsoft.VisualStudio.TestPlatform.Extensions.Html.TestLogger.dll
C:\Program Files\dotnet\sdk\8.0.304\Extensions\Microsoft.VisualStudio.TestPlatform.Extensions.Trx.TestLogger.dll
TpTrace Verbose: 0 : 1472, 5, 2024/09/04, 12:23:03.494, 7036556137801, vstest.console.dll, TestPluginCache.GetExtensionPaths: Added unfilterableExtensionPaths: 
TpTrace Verbose: 0 : 1472, 5, 2024/09/04, 12:23:03.498, 7036556173333, vstest.console.dll, TestRequestSender.InitializeExecution: Sending initialize execution with message: {"Version":7,"MessageType":"TestExecution.Initialize","Payload":["C:\\Users\\Aman.Tomar\\source\\BankApplication\\ConsoleApp1\\BankApplication.BusinessLayer.Tests\\bin\\Debug\\net8.0\\fine-code-coverage\\build-output\\Microsoft.VisualStudio.TestPlatform.MSTest.TestAdapter.dll"]}
TpTrace Verbose: 0 : 1472, 5, 2024/09/04, 12:23:03.498, 7036556176180, vstest.console.dll, ParallelProxyExecutionManager.StartTestRunOnConcurrentManager: Execution starting. Started clients: 1
TpTrace Verbose: 0 : 1472, 5, 2024/09/04, 12:23:03.498, 7036556179246, vstest.console.dll, TestRunRequest:SendTestRunMessage: Starting.
TpTrace Verbose: 0 : 1472, 5, 2024/09/04, 12:23:03.498, 7036556181322, vstest.console.dll, MulticastDelegateUtilities.SafeInvoke: TestRun.LogMessages: Invoking callback 1/1 for Microsoft.VisualStudio.TestPlatform.CommandLine.TestRunResultAggregator., took 0 ms.
TpTrace Information: 0 : 1472, 5, 2024/09/04, 12:23:03.498, 7036556181875, vstest.console.dll, TestRunRequest:SendTestRunMessage: Completed.
TpTrace Verbose: 0 : 1472, 4, 2024/09/04, 12:23:03.499, 7036556184350, vstest.console.dll, MulticastDelegateUtilities.SafeInvoke: InternalTestLoggerEvents.SendTestRunMessage: Invoking callback 1/1 for Microsoft.VisualStudio.TestPlatform.CommandLine.Internal.ConsoleLogger., took 0 ms.
TpTrace Verbose: 0 : 1472, 13, 2024/09/04, 12:23:03.499, 7036556184452, vstest.console.dll, TcpClientExtensions.MessageLoopAsync: NotifyDataAvailable remoteEndPoint: 127.0.0.1:56823 localEndPoint: 127.0.0.1:56822
TpTrace Warning: 0 : 1472, 5, 2024/09/04, 12:23:03.499, 7036556187252, vstest.console.dll, InferRunSettingsHelper.MakeRunsettingsCompatible: Removing the following settings: TargetPlatform from RunSettings file. To use those settings please move to latest version of Microsoft.NET.Test.Sdk
TpTrace Verbose: 0 : 1472, 13, 2024/09/04, 12:23:03.499, 7036556192673, vstest.console.dll, TestRequestSender.OnExecutionMessageReceived: Received message: {"Version":7,"MessageType":"TestSession.Message","Payload":{"MessageLevel":0,"Message":"Logging TestHost Diagnostics in file: C:\\Users\\Aman.Tomar\\source\\BankApplication\\ConsoleApp1\\BankApplication.BusinessLayer.Tests\\bin\\Debug\\net8.0\\fine-code-coverage\\coverage-tool-output\\diagnostics.host.24-09-04_12-23-03_20007_5.log"}}
TpTrace Verbose: 0 : 1472, 13, 2024/09/04, 12:23:03.503, 7036556224789, vstest.console.dll, TestRunRequest:SendTestRunMessage: Starting.
TpTrace Verbose: 0 : 1472, 13, 2024/09/04, 12:23:03.503, 7036556226799, vstest.console.dll, MulticastDelegateUtilities.SafeInvoke: TestRun.LogMessages: Invoking callback 1/1 for Microsoft.VisualStudio.TestPlatform.CommandLine.TestRunResultAggregator., took 0 ms.
TpTrace Verbose: 0 : 1472, 4, 2024/09/04, 12:23:03.503, 7036556227183, vstest.console.dll, MulticastDelegateUtilities.SafeInvoke: InternalTestLoggerEvents.SendTestRunMessage: Invoking callback 1/1 for Microsoft.VisualStudio.TestPlatform.CommandLine.Internal.ConsoleLogger., took 0 ms.
TpTrace Information: 0 : 1472, 13, 2024/09/04, 12:23:03.503, 7036556227374, vstest.console.dll, TestRunRequest:SendTestRunMessage: Completed.
TpTrace Verbose: 0 : 1472, 13, 2024/09/04, 12:23:03.503, 7036556228472, vstest.console.dll, MulticastDelegateUtilities.SafeInvoke: LengthPrefixCommunicationChannel: MessageReceived: Invoking callback 1/1 for Microsoft.VisualStudio.TestPlatform.CommunicationUtilities.TestRequestSender+<>c__DisplayClass34_0., took 3 ms.
TpTrace Verbose: 0 : 1472, 13, 2024/09/04, 12:23:03.503, 7036556228960, vstest.console.dll, TcpClientExtensions.MessageLoopAsync: Polling on remoteEndPoint: 127.0.0.1:56823 localEndPoint: 127.0.0.1:56822 after 9 ms
TpTrace Verbose: 0 : 1472, 5, 2024/09/04, 12:23:03.505, 7036556249253, vstest.console.dll, TestRequestSender.StartTestRun: Sending test run with message: {"Version":7,"MessageType":"TestExecution.StartWithSources","Payload":{"AdapterSourceMap":{"_none_":["C:\\Users\\Aman.Tomar\\source\\BankApplication\\ConsoleApp1\\BankApplication.BusinessLayer.Tests\\bin\\Debug\\net8.0\\fine-code-coverage\\build-output\\BankApplication.BusinessLayer.Tests.dll"]},"RunSettings":"<RunSettings>\r\n  <RunConfiguration>\r\n    <ResultsDirectory>C:\\Users\\Aman.Tomar\\source\\BankApplication\\ConsoleApp1\\BankApplication.BusinessLayer.Tests\\bin\\Debug\\net8.0\\fine-code-coverage\\coverage-tool-output</ResultsDirectory>\r\n    <TargetFrameworkVersion>.NETCoreApp,Version=v8.0</TargetFrameworkVersion>\r\n    <DesignMode>False</DesignMode>\r\n    <CollectSourceInformation>False</CollectSourceInformation>\r\n  </RunConfiguration>\r\n  <LoggerRunSettings>\r\n    <Loggers>\r\n      <Logger friendlyName=\"blame\" enabled=\"True\" />\r\n      <Logger friendlyName=\"Console\" uri=\"logger://microsoft/TestPlatform/ConsoleLogger/v1\" assemblyQualifiedName=\"Microsoft.VisualStudio.TestPlatform.CommandLine.Internal.ConsoleLogger, vstest.console, Version=15.0.0.0, Culture=neutral, PublicKeyToken=b03f5f7f11d50a3a\" codeBase=\"C:\\Program Files\\dotnet\\sdk\\8.0.304\\vstest.console.dll\" enabled=\"True\" />\r\n    </Loggers>\r\n  </LoggerRunSettings>\r\n  <DataCollectionRunSettings>\r\n    <DataCollectors>\r\n      <DataCollector friendlyName=\"blame\" enabled=\"True\">\r\n        <Configuration>\r\n          <ResultsDirectory>C:\\Users\\Aman.Tomar\\source\\BankApplication\\ConsoleApp1\\BankApplication.BusinessLayer.Tests\\bin\\Debug\\net8.0\\fine-code-coverage\\coverage-tool-output</ResultsDirectory>\r\n        </Configuration>\r\n      </DataCollector>\r\n    </DataCollectors>\r\n  </DataCollectionRunSettings>\r\n</RunSettings>","TestExecutionContext":{"FrequencyOfRunStatsChangeEvent":10,"RunStatsChangeEventTimeout":"00:00:01.5000000","InIsolation":false,"KeepAlive":false,"AreTestCaseLevelEventsRequired":false,"IsDebug":false,"TestCaseFilter":null,"FilterOptions":null},"Package":null}}
TpTrace Verbose: 0 : 1472, 5, 2024/09/04, 12:23:03.505, 7036556251479, vstest.console.dll, ParallelProxyExecutionManager.StartTestRunOnConcurrentManager: Execution started. Started clients: 1
TpTrace Verbose: 0 : 1472, 13, 2024/09/04, 12:23:04.044, 7036561640360, vstest.console.dll, TcpClientExtensions.MessageLoopAsync: NotifyDataAvailable remoteEndPoint: 127.0.0.1:56823 localEndPoint: 127.0.0.1:56822
TpTrace Verbose: 0 : 1472, 13, 2024/09/04, 12:23:04.045, 7036561649053, vstest.console.dll, TestRequestSender.OnExecutionMessageReceived: Received message: {"Version":7,"MessageType":"TestExecution.Completed","Payload":{"TestRunCompleteArgs":{"TestRunStatistics":{"ExecutedTests":7,"Stats":{"Passed":7}},"IsCanceled":false,"IsAborted":false,"Error":null,"AttachmentSets":[],"InvokedDataCollectors":[],"ElapsedTimeInRunningTests":"00:00:00.4016474","Metrics":{},"DiscoveredExtensions":{"TestDiscoverers":["Microsoft.VisualStudio.TestPlatform.MSTest.TestAdapter.MSTestDiscoverer, Microsoft.VisualStudio.TestPlatform.MSTest.TestAdapter, Version=14.0.0.0, Culture=neutral, PublicKeyToken=b03f5f7f11d50a3a"],"TestExecutors":["executor://MSTestAdapter/v2"],"TestExecutors2":[],"TestSettingsProviders":[]}},"LastRunTests":{"NewTestResults":[{"TestCase":{"Id":"e9d92d6a-5cd9-7220-34fc-295309ea73df","FullyQualifiedName":"BankApplication.BusinessLayer.Tests.AccountManagerTest.CreateAccount_WithVaildInputs_ShouldCreateAccountSuccessfully","DisplayName":"CreateAccount_WithVaildInputs_ShouldCreateAccountSuccessfully","ExecutorUri":"executor://MSTestAdapter/v2","Source":"C:\\Users\\Aman.Tomar\\source\\BankApplication\\ConsoleApp1\\BankApplication.BusinessLayer.Tests\\bin\\Debug\\net8.0\\fine-code-coverage\\build-output\\BankApplication.BusinessLayer.Tests.dll","CodeFilePath":null,"LineNumber":-1,"Properties":[{"Key":{"Id":"TestObject.Traits","Label":"Traits","Category":"","Description":"","Attributes":5,"ValueType":"System.Collections.Generic.KeyValuePair`2[[System.String],[System.String]][]"},"Value":[]},{"Key":{"Id":"TestCase.ManagedType","Label":"ManagedType","Category":"","Description":"","Attributes":1,"ValueType":"System.String"},"Value":"BankApplication.BusinessLayer.Tests.AccountManagerTest"},{"Key":{"Id":"MSTestDiscoverer.TestClassName","Label":"ClassName","Category":"","Description":"","Attributes":1,"ValueType":"System.String"},"Value":"BankApplication.BusinessLayer.Tests.AccountManagerTest"},{"Key":{"Id":"TestCase.ManagedMethod","Label":"ManagedMethod","Category":"","Description":"","Attributes":1,"ValueType":"System.String"},"Value":"CreateAccount_WithVaildInputs_ShouldCreateAccountSuccessfully"},{"Key":{"Id":"MSTest.TestIdGenerationStrategy","Label":"TestIdGenerationStrategy","Category":"","Description":"","Attributes":1,"ValueType":"System.Int32"},"Value":2},{"Key":{"Id":"TestCase.Hierarchy","Label":"Hierarchy","Category":"","Description":"","Attributes":2,"ValueType":"System.String[]"},"Value":[null,"BankApplication.BusinessLayer.Tests","AccountManagerTest","CreateAccount_WithVaildInputs_ShouldCreateAccountSuccessfully"]}]},"Attachments":[],"Outcome":1,"ErrorMessage":null,"ErrorStackTrace":null,"DisplayName":"CreateAccount_WithVaildInputs_ShouldCreateAccountSuccessfully","Messages":[],"ComputerName":"C-AP-PG03MXYT","Duration":"00:00:00.1455255","StartTime":"2024-09-04T12:23:03.7984681+05:30","EndTime":"2024-09-04T12:23:03.9565964+05:30","Properties":[{"Key":{"Id":"ExecutionId","Label":"ExecutionId","Category":"","Description":"","Attributes":1,"ValueType":"System.Guid"},"Value":"00000000-0000-0000-0000-000000000000"},{"Key":{"Id":"InnerResultsCount","Label":"InnerResultsCount","Category":"","Description":"","Attributes":1,"ValueType":"System.Int32"},"Value":0},{"Key":{"Id":"ParentExecId","Label":"ParentExecId","Category":"","Description":"","Attributes":1,"ValueType":"System.Guid"},"Value":"00000000-0000-0000-0000-000000000000"}]},{"TestCase":{"Id":"8bc5dafe-a61b-7055-fbcb-2e023f8ba7e3","FullyQualifiedName":"BankApplication.BusinessLayer.Tests.AccountManagerTest.CreateAccount_WithInsufficientInitialBalance_ShouldThrowException","DisplayName":"CreateAccount_WithInsufficientInitialBalance_ShouldThrowException","ExecutorUri":"executor://MSTestAdapter/v2","Source":"C:\\Users\\Aman.Tomar\\source\\BankApplication\\ConsoleApp1\\BankApplication.BusinessLayer.Tests\\bin\\Debug\\net8.0\\fine-code-coverage\\build-output\\BankApplication.BusinessLayer.Tests.dll","CodeFilePath":null,"LineNumber":-1,"Properties":[{"Key":{"Id":"TestObject.Traits","Label":"Traits","Category":"","Description":"","Attributes":5,"ValueType":"System.Collections.Generic.KeyValuePair`2[[System.String],[System.String]][]"},"Value":[]},{"Key":{"Id":"TestCase.ManagedType","Label":"ManagedType","Category":"","Description":"","Attributes":1,"ValueType":"System.String"},"Value":"BankApplication.BusinessLayer.Tests.AccountManagerTest"},{"Key":{"Id":"MSTestDiscoverer.TestClassName","Label":"ClassName","Category":"","Description":"","Attributes":1,"ValueType":"System.String"},"Value":"BankApplication.BusinessLayer.Tests.AccountManagerTest"},{"Key":{"Id":"TestCase.ManagedMethod","Label":"ManagedMethod","Category":"","Description":"","Attributes":1,"ValueType":"System.String"},"Value":"CreateAccount_WithInsufficientInitialBalance_ShouldThrowException"},{"Key":{"Id":"MSTest.TestIdGenerationStrategy","Label":"TestIdGenerationStrategy","Category":"","Description":"","Attributes":1,"ValueType":"System.Int32"},"Value":2},{"Key":{"Id":"TestCase.Hierarchy","Label":"Hierarchy","Category":"","Description":"","Attributes":2,"ValueType":"System.String[]"},"Value":[null,"BankApplication.BusinessLayer.Tests","AccountManagerTest","CreateAccount_WithInsufficientInitialBalance_ShouldThrowException"]}]},"Attachments":[],"Outcome":1,"ErrorMessage":null,"ErrorStackTrace":null,"DisplayName":"CreateAccount_WithInsufficientInitialBalance_ShouldThrowException","Messages":[],"ComputerName":"C-AP-PG03MXYT","Duration":"00:00:00.0020315","StartTime":"2024-09-04T12:23:03.9798183+05:30","EndTime":"2024-09-04T12:23:03.9823136+05:30","Properties":[{"Key":{"Id":"ExecutionId","Label":"ExecutionId","Category":"","Description":"","Attributes":1,"ValueType":"System.Guid"},"Value":"00000000-0000-0000-0000-000000000000"},{"Key":{"Id":"InnerResultsCount","Label":"InnerResultsCount","Category":"","Description":"","Attributes":1,"ValueType":"System.Int32"},"Value":0},{"Key":{"Id":"ParentExecId","Label":"ParentExecId","Category":"","Description":"","Attributes":1,"ValueType":"System.Guid"},"Value":"00000000-0000-0000-0000-000000000000"}]},{"TestCase":{"Id":"e99b9eb0-94f8-90c8-7c33-6399a132fa8b","FullyQualifiedName":"BankApplication.BusinessLayer.Tests.AccountManagerTest.Deposit_WithValidInputs_ShouldIncreaseBalance","DisplayName":"Deposit_WithValidInputs_ShouldIncreaseBalance","ExecutorUri":"executor://MSTestAdapter/v2","Source":"C:\\Users\\Aman.Tomar\\source\\BankApplication\\ConsoleApp1\\BankApplication.BusinessLayer.Tests\\bin\\Debug\\net8.0\\fine-code-coverage\\build-output\\BankApplication.BusinessLayer.Tests.dll","CodeFilePath":null,"LineNumber":-1,"Properties":[{"Key":{"Id":"TestObject.Traits","Label":"Traits","Category":"","Description":"","Attributes":5,"ValueType":"System.Collections.Generic.KeyValuePair`2[[System.String],[System.String]][]"},"Value":[]},{"Key":{"Id":"TestCase.ManagedType","Label":"ManagedType","Category":"","Description":"","Attributes":1,"ValueType":"System.String"},"Value":"BankApplication.BusinessLayer.Tests.AccountManagerTest"},{"Key":{"Id":"MSTestDiscoverer.TestClassName","Label":"ClassName","Category":"","Description":"","Attributes":1,"ValueType":"System.String"},"Value":"BankApplication.BusinessLayer.Tests.AccountManagerTest"},{"Key":{"Id":"TestCase.ManagedMethod","Label":"ManagedMethod","Category":"","Description":"","Attributes":1,"ValueType":"System.String"},"Value":"Deposit_WithValidInputs_ShouldIncreaseBalance"},{"Key":{"Id":"MSTest.TestIdGenerationStrategy","Label":"TestIdGenerationStrategy","Category":"","Description":"","Attributes":1,"ValueType":"System.Int32"},"Value":2},{"Key":{"Id":"TestCase.Hierarchy","Label":"Hierarchy","Category":"","Description":"","Attributes":2,"ValueType":"System.String[]"},"Value":[null,"BankApplication.BusinessLayer.Tests","AccountManagerTest","Deposit_WithValidInputs_ShouldIncreaseBalance"]}]},"Attachments":[],"Outcome":1,"ErrorMessage":null,"ErrorStackTrace":null,"DisplayName":"Deposit_WithValidInputs_ShouldIncreaseBalance","Messages":[],"ComputerName":"C-AP-PG03MXYT","Duration":"00:00:00.0003754","StartTime":"2024-09-04T12:23:03.9872572+05:30","EndTime":"2024-09-04T12:23:03.9878787+05:30","Properties":[{"Key":{"Id":"ExecutionId","Label":"ExecutionId","Category":"","Description":"","Attributes":1,"ValueType":"System.Guid"},"Value":"00000000-0000-0000-0000-000000000000"},{"Key":{"Id":"InnerResultsCount","Label":"InnerResultsCount","Category":"","Description":"","Attributes":1,"ValueType":"System.Int32"},"Value":0},{"Key":{"Id":"ParentExecId","Label":"ParentExecId","Category":"","Description":"","Attributes":1,"ValueType":"System.Guid"},"Value":"00000000-0000-0000-0000-000000000000"}]},{"TestCase":{"Id":"a4a0799b-de33-0b40-b69b-861720051fc1","FullyQualifiedName":"BankApplication.BusinessLayer.Tests.AccountManagerTest.Deposit_WithNullAccount_ShouldThrowException","DisplayName":"Deposit_WithNullAccount_ShouldThrowException","ExecutorUri":"executor://MSTestAdapter/v2","Source":"C:\\Users\\Aman.Tomar\\source\\BankApplication\\ConsoleApp1\\BankApplication.BusinessLayer.Tests\\bin\\Debug\\net8.0\\fine-code-coverage\\build-output\\BankApplication.BusinessLayer.Tests.dll","CodeFilePath":null,"LineNumber":-1,"Properties":[{"Key":{"Id":"TestObject.Traits","Label":"Traits","Category":"","Description":"","Attributes":5,"ValueType":"System.Collections.Generic.KeyValuePair`2[[System.String],[System.String]][]"},"Value":[]},{"Key":{"Id":"TestCase.ManagedType","Label":"ManagedType","Category":"","Description":"","Attributes":1,"ValueType":"System.String"},"Value":"BankApplication.BusinessLayer.Tests.AccountManagerTest"},{"Key":{"Id":"MSTestDiscoverer.TestClassName","Label":"ClassName","Category":"","Description":"","Attributes":1,"ValueType":"System.String"},"Value":"BankApplication.BusinessLayer.Tests.AccountManagerTest"},{"Key":{"Id":"TestCase.ManagedMethod","Label":"ManagedMethod","Category":"","Description":"","Attributes":1,"ValueType":"System.String"},"Value":"Deposit_WithNullAccount_ShouldThrowException"},{"Key":{"Id":"MSTest.TestIdGenerationStrategy","Label":"TestIdGenerationStrategy","Category":"","Description":"","Attributes":1,"ValueType":"System.Int32"},"Value":2},{"Key":{"Id":"TestCase.Hierarchy","Label":"Hierarchy","Category":"","Description":"","Attributes":2,"ValueType":"System.String[]"},"Value":[null,"BankApplication.BusinessLayer.Tests","AccountManagerTest","Deposit_WithNullAccount_ShouldThrowException"]}]},"Attachments":[],"Outcome":1,"ErrorMessage":null,"ErrorStackTrace":null,"DisplayName":"Deposit_WithNullAccount_ShouldThrowException","Messages":[],"ComputerName":"C-AP-PG03MXYT","Duration":"00:00:00.0001953","StartTime":"2024-09-04T12:23:03.9909919+05:30","EndTime":"2024-09-04T12:23:03.9914113+05:30","Properties":[{"Key":{"Id":"ExecutionId","Label":"ExecutionId","Category":"","Description":"","Attributes":1,"ValueType":"System.Guid"},"Value":"00000000-0000-0000-0000-000000000000"},{"Key":{"Id":"InnerResultsCount","Label":"InnerResultsCount","Category":"","Description":"","Attributes":1,"ValueType":"System.Int32"},"Value":0},{"Key":{"Id":"ParentExecId","Label":"ParentExecId","Category":"","Description":"","Attributes":1,"ValueType":"System.Guid"},"Value":"00000000-0000-0000-0000-000000000000"}]},{"TestCase":{"Id":"a75e1b7e-732c-11a9-acc6-1cf7fa03e331","FullyQualifiedName":"BankApplication.BusinessLayer.Tests.AccountManagerTest.Deposit_AmountIsZero_ThrowsInvalidDepositAmountException","DisplayName":"Deposit_AmountIsZero_ThrowsInvalidDepositAmountException","ExecutorUri":"executor://MSTestAdapter/v2","Source":"C:\\Users\\Aman.Tomar\\source\\BankApplication\\ConsoleApp1\\BankApplication.BusinessLayer.Tests\\bin\\Debug\\net8.0\\fine-code-coverage\\build-output\\BankApplication.BusinessLayer.Tests.dll","CodeFilePath":null,"LineNumber":-1,"Properties":[{"Key":{"Id":"TestObject.Traits","Label":"Traits","Category":"","Description":"","Attributes":5,"ValueType":"System.Collections.Generic.KeyValuePair`2[[System.String],[System.String]][]"},"Value":[]},{"Key":{"Id":"TestCase.ManagedType","Label":"ManagedType","Category":"","Description":"","Attributes":1,"ValueType":"System.String"},"Value":"BankApplication.BusinessLayer.Tests.AccountManagerTest"},{"Key":{"Id":"MSTestDiscoverer.TestClassName","Label":"ClassName","Category":"","Description":"","Attributes":1,"ValueType":"System.String"},"Value":"BankApplication.BusinessLayer.Tests.AccountManagerTest"},{"Key":{"Id":"TestCase.ManagedMethod","Label":"ManagedMethod","Category":"","Description":"","Attributes":1,"ValueType":"System.String"},"Value":"Deposit_AmountIsZero_ThrowsInvalidDepositAmountException"},{"Key":{"Id":"MSTest.TestIdGenerationStrategy","Label":"TestIdGenerationStrategy","Category":"","Description":"","Attributes":1,"ValueType":"System.Int32"},"Value":2},{"Key":{"Id":"TestCase.Hierarchy","Label":"Hierarchy","Category":"","Description":"","Attributes":2,"ValueType":"System.String[]"},"Value":[null,"BankApplication.BusinessLayer.Tests","AccountManagerTest","Deposit_AmountIsZero_ThrowsInvalidDepositAmountException"]}]},"Attachments":[],"Outcome":1,"ErrorMessage":null,"ErrorStackTrace":null,"DisplayName":"Deposit_AmountIsZero_ThrowsInvalidDepositAmountException","Messages":[],"ComputerName":"C-AP-PG03MXYT","Duration":"00:00:00.0003350","StartTime":"2024-09-04T12:23:03.9996431+05:30","EndTime":"2024-09-04T12:23:04.0004241+05:30","Properties":[{"Key":{"Id":"ExecutionId","Label":"ExecutionId","Category":"","Description":"","Attributes":1,"ValueType":"System.Guid"},"Value":"00000000-0000-0000-0000-000000000000"},{"Key":{"Id":"InnerResultsCount","Label":"InnerResultsCount","Category":"","Description":"","Attributes":1,"ValueType":"System.Int32"},"Value":0},{"Key":{"Id":"ParentExecId","Label":"ParentExecId","Category":"","Description":"","Attributes":1,"ValueType":"System.Guid"},"Value":"00000000-0000-0000-0000-000000000000"}]},{"TestCase":{"Id":"caf05915-5794-0582-732b-cfd4f56fa986","FullyQualifiedName":"BankApplication.BusinessLayer.Tests.AccountManagerTest.Withdraw_AccountIsNull_ThrowsAccountDoesNotExistException","DisplayName":"Withdraw_AccountIsNull_ThrowsAccountDoesNotExistException","ExecutorUri":"executor://MSTestAdapter/v2","Source":"C:\\Users\\Aman.Tomar\\source\\BankApplication\\ConsoleApp1\\BankApplication.BusinessLayer.Tests\\bin\\Debug\\net8.0\\fine-code-coverage\\build-output\\BankApplication.BusinessLayer.Tests.dll","CodeFilePath":null,"LineNumber":-1,"Properties":[{"Key":{"Id":"TestObject.Traits","Label":"Traits","Category":"","Description":"","Attributes":5,"ValueType":"System.Collections.Generic.KeyValuePair`2[[System.String],[System.String]][]"},"Value":[]},{"Key":{"Id":"TestCase.ManagedType","Label":"ManagedType","Category":"","Description":"","Attributes":1,"ValueType":"System.String"},"Value":"BankApplication.BusinessLayer.Tests.AccountManagerTest"},{"Key":{"Id":"MSTestDiscoverer.TestClassName","Label":"ClassName","Category":"","Description":"","Attributes":1,"ValueType":"System.String"},"Value":"BankApplication.BusinessLayer.Tests.AccountManagerTest"},{"Key":{"Id":"TestCase.ManagedMethod","Label":"ManagedMethod","Category":"","Description":"","Attributes":1,"ValueType":"System.String"},"Value":"Withdraw_AccountIsNull_ThrowsAccountDoesNotExistException"},{"Key":{"Id":"MSTest.TestIdGenerationStrategy","Label":"TestIdGenerationStrategy","Category":"","Description":"","Attributes":1,"ValueType":"System.Int32"},"Value":2},{"Key":{"Id":"TestCase.Hierarchy","Label":"Hierarchy","Category":"","Description":"","Attributes":2,"ValueType":"System.String[]"},"Value":[null,"BankApplication.BusinessLayer.Tests","AccountManagerTest","Withdraw_AccountIsNull_ThrowsAccountDoesNotExistException"]}]},"Attachments":[],"Outcome":1,"ErrorMessage":null,"ErrorStackTrace":null,"DisplayName":"Withdraw_AccountIsNull_ThrowsAccountDoesNotExistException","Messages":[],"ComputerName":"C-AP-PG03MXYT","Duration":"00:00:00.0006440","StartTime":"2024-09-04T12:23:04.0030938+05:30","EndTime":"2024-09-04T12:23:04.0039438+05:30","Properties":[{"Key":{"Id":"ExecutionId","Label":"ExecutionId","Category":"","Description":"","Attributes":1,"ValueType":"System.Guid"},"Value":"00000000-0000-0000-0000-000000000000"},{"Key":{"Id":"InnerResultsCount","Label":"InnerResultsCount","Category":"","Description":"","Attributes":1,"ValueType":"System.Int32"},"Value":0},{"Key":{"Id":"ParentExecId","Label":"ParentExecId","Category":"","Description":"","Attributes":1,"ValueType":"System.Guid"},"Value":"00000000-0000-0000-0000-000000000000"}]},{"TestCase":{"Id":"2b17dae6-6c6d-dd65-f413-f4a985191ca3","FullyQualifiedName":"BankApplication.BusinessLayer.Tests.AccountManagerTest.Withdraw_InvalidAmount_ThrowsInvalidWithdrawAmountException","DisplayName":"Withdraw_InvalidAmount_ThrowsInvalidWithdrawAmountException","ExecutorUri":"executor://MSTestAdapter/v2","Source":"C:\\Users\\Aman.Tomar\\source\\BankApplication\\ConsoleApp1\\BankApplication.BusinessLayer.Tests\\bin\\Debug\\net8.0\\fine-code-coverage\\build-output\\BankApplication.BusinessLayer.Tests.dll","CodeFilePath":null,"LineNumber":-1,"Properties":[{"Key":{"Id":"TestObject.Traits","Label":"Traits","Category":"","Description":"","Attributes":5,"ValueType":"System.Collections.Generic.KeyValuePair`2[[System.String],[System.String]][]"},"Value":[]},{"Key":{"Id":"TestCase.ManagedType","Label":"ManagedType","Category":"","Description":"","Attributes":1,"ValueType":"System.String"},"Value":"BankApplication.BusinessLayer.Tests.AccountManagerTest"},{"Key":{"Id":"MSTestDiscoverer.TestClassName","Label":"ClassName","Category":"","Description":"","Attributes":1,"ValueType":"System.String"},"Value":"BankApplication.BusinessLayer.Tests.AccountManagerTest"},{"Key":{"Id":"TestCase.ManagedMethod","Label":"ManagedMethod","Category":"","Description":"","Attributes":1,"ValueType":"System.String"},"Value":"Withdraw_InvalidAmount_ThrowsInvalidWithdrawAmountException"},{"Key":{"Id":"MSTest.TestIdGenerationStrategy","Label":"TestIdGenerationStrategy","Category":"","Description":"","Attributes":1,"ValueType":"System.Int32"},"Value":2},{"Key":{"Id":"TestCase.Hierarchy","Label":"Hierarchy","Category":"","Description":"","Attributes":2,"ValueType":"System.String[]"},"Value":[null,"BankApplication.BusinessLayer.Tests","AccountManagerTest","Withdraw_InvalidAmount_ThrowsInvalidWithdrawAmountException"]}]},"Attachments":[],"Outcome":1,"ErrorMessage":null,"ErrorStackTrace":null,"DisplayName":"Withdraw_InvalidAmount_ThrowsInvalidWithdrawAmountException","Messages":[],"ComputerName":"C-AP-PG03MXYT","Duration":"00:00:00.0011601","StartTime":"2024-09-04T12:23:04.0063444+05:30","EndTime":"2024-09-04T12:23:04.0090485+05:30","Properties":[{"Key":{"Id":"ExecutionId","Label":"ExecutionId","Category":"","Description":"","Attributes":1,"ValueType":"System.Guid"},"Value":"00000000-0000-0000-0000-000000000000"},{"Key":{"Id":"InnerResultsCount","Label":"InnerResultsCount","Category":"","Description":"","Attributes":1,"ValueType":"System.Int32"},"Value":0},{"Key":{"Id":"ParentExecId","Label":"ParentExecId","Category":"","Description":"","Attributes":1,"ValueType":"System.Guid"},"Value":"00000000-0000-0000-0000-000000000000"}]}],"TestRunStatistics":{"ExecutedTests":7,"Stats":{"Passed":7}},"ActiveTests":[]},"RunAttachments":[],"ExecutorUris":["executor://mstestadapter/v2"]}}
TpTrace Verbose: 0 : 1472, 13, 2024/09/04, 12:23:04.045, 7036561652445, vstest.console.dll, TestRequestSender.EndSession: Sending end session.
TpTrace Verbose: 0 : 1472, 13, 2024/09/04, 12:23:04.046, 7036561654814, vstest.console.dll, ProxyOperationManager.Close: waiting for test host to exit for 100 ms
TpTrace Verbose: 0 : 1472, 12, 2024/09/04, 12:23:04.076, 7036561957201, vstest.console.dll, TestHostManagerCallbacks.ctor: Experimental forwarding output is disabled.
TpTrace Warning: 0 : 1472, 12, 2024/09/04, 12:23:04.076, 7036561960507, vstest.console.dll, TestHostManagerCallbacks.ErrorReceivedCallback Test host standard error line: 
TpTrace Verbose: 0 : 1472, 12, 2024/09/04, 12:23:04.087, 7036562072288, vstest.console.dll, TestHostProvider.ExitCallBack: Host exited starting callback.
TpTrace Information: 0 : 1472, 12, 2024/09/04, 12:23:04.088, 7036562075558, vstest.console.dll, TestHostManagerCallbacks.ExitCallBack: Testhost processId: 27324 exited with exitcode: 0 error: ''
TpTrace Verbose: 0 : 1472, 12, 2024/09/04, 12:23:04.088, 7036562076137, vstest.console.dll, DotnetTestHostManager.OnHostExited: invoking OnHostExited callback
TpTrace Verbose: 0 : 1472, 12, 2024/09/04, 12:23:04.088, 7036562077263, vstest.console.dll, CrossPlatEngine.TestHostManagerHostExited: calling on client process exit callback.
TpTrace Information: 0 : 1472, 12, 2024/09/04, 12:23:04.088, 7036562078386, vstest.console.dll, TestRequestSender.OnClientProcessExit: Test host process exited. Standard error: 
TpTrace Information: 0 : 1472, 13, 2024/09/04, 12:23:04.088, 7036562079307, vstest.console.dll, SocketServer.Stop: Stop server endPoint: 127.0.0.1:56822
TpTrace Information: 0 : 1472, 12, 2024/09/04, 12:23:04.088, 7036562078995, vstest.console.dll, SocketServer.Stop: Stop server endPoint: 127.0.0.1:56822
TpTrace Information: 0 : 1472, 12, 2024/09/04, 12:23:04.088, 7036562081054, vstest.console.dll, SocketServer.Stop: Cancellation requested. Stopping message loop.
TpTrace Information: 0 : 1472, 13, 2024/09/04, 12:23:04.088, 7036562081177, vstest.console.dll, SocketServer.Stop: Cancellation requested. Stopping message loop.
TpTrace Information: 0 : 1472, 13, 2024/09/04, 12:23:04.088, 7036562082461, vstest.console.dll, Closing the connection
TpTrace Verbose: 0 : 1472, 12, 2024/09/04, 12:23:04.089, 7036562083210, vstest.console.dll, MulticastDelegateUtilities.SafeInvoke: HostProviderEvents.OnHostExited: Invoking callback 1/1 for Microsoft.VisualStudio.TestPlatform.CrossPlatEngine.Client.ProxyOperationManager., took 0 ms.
TpTrace Verbose: 0 : 1472, 13, 2024/09/04, 12:23:04.089, 7036562087086, vstest.console.dll, ProxyDataCollectionManager.InvokeDataCollectionServiceAction: Starting.
TpTrace Information: 0 : 1472, 13, 2024/09/04, 12:23:04.089, 7036562087741, vstest.console.dll, ProxyDataCollectionManager.AfterTestRunEnd: Get attachment set and invoked data collectors processId: 12032 port: 56819
TpTrace Verbose: 0 : 1472, 13, 2024/09/04, 12:23:04.089, 7036562088399, vstest.console.dll, DataCollectionRequestSender.SendAfterTestRunStartAndGetResult: Send AfterTestRunEnd message with isCancelled: False
TpTrace Verbose: 0 : 1472, 13, 2024/09/04, 12:23:04.097, 7036562172410, vstest.console.dll, DataCollectionRequestSender.SendAfterTestRunStartAndGetResult: Received message: (DataCollection.AfterTestRunEndResult) -> {"MessageType":"DataCollection.AfterTestRunEndResult","Payload":{"AttachmentSets":[],"InvokedDataCollectors":[{"Uri":"datacollector://Microsoft/TestPlatform/Extensions/Blame/v1","FriendlyName":"Blame","AssemblyQualifiedName":"Microsoft.TestPlatform.Extensions.BlameDataCollector.BlameCollector, Microsoft.TestPlatform.Extensions.BlameDataCollector, Version=15.0.0.0, Culture=neutral, PublicKeyToken=b03f5f7f11d50a3a","FilePath":"C:\\Program Files\\dotnet\\sdk\\8.0.304\\Extensions\\Microsoft.TestPlatform.Extensions.BlameDataCollector.dll","HasAttachmentProcessor":false}],"Metrics":{}}}
TpTrace Warning: 0 : 1472, 10, 2024/09/04, 12:23:04.108, 7036562273094, vstest.console.dll, DataCollectionLauncher.ErrorReceivedCallback datacollector standard error line: 
TpTrace Information: 0 : 1472, 13, 2024/09/04, 12:23:04.111, 7036562303732, vstest.console.dll, ProxyDataCollectionManager.InvokeDataCollectionServiceAction: Completed.
TpTrace Information: 0 : 1472, 10, 2024/09/04, 12:23:04.115, 7036562344287, vstest.console.dll, DataCollectionLauncher.ExitCallBack: Data collector exited with exitcode: 0 error: ''
TpTrace Verbose: 0 : 1472, 13, 2024/09/04, 12:23:04.192, 7036563122163, vstest.console.dll, TestRunRequest:SendTestRunStatsChange: Starting.
TpTrace Verbose: 0 : 1472, 13, 2024/09/04, 12:23:04.193, 7036563124067, vstest.console.dll, MulticastDelegateUtilities.SafeInvoke: TestRun.RunStatsChanged: Invoking callbacks was skipped because there are no subscribers.
TpTrace Information: 0 : 1472, 13, 2024/09/04, 12:23:04.193, 7036563124377, vstest.console.dll, TestRunRequest:SendTestRunStatsChange: Completed.
TpTrace Verbose: 0 : 1472, 13, 2024/09/04, 12:23:04.193, 7036563126412, vstest.console.dll, ParallelProxyExecutionManager: HandlePartialRunComplete: Total workloads = 1, Total started clients = 1 Total completed clients = 1, Run complete = True, Run canceled: False.
TpTrace Verbose: 0 : 1472, 13, 2024/09/04, 12:23:04.193, 7036563126687, vstest.console.dll, ParallelProxyExecutionManager: HandlePartialRunComplete: All runs completed stopping all managers.
TpTrace Verbose: 0 : 1472, 13, 2024/09/04, 12:23:04.193, 7036563126912, vstest.console.dll, ParallelOperationManager.StopAllManagers: Stopping all managers.
TpTrace Verbose: 0 : 1472, 13, 2024/09/04, 12:23:04.193, 7036563127144, vstest.console.dll, ParallelOperationManager.ClearSlots: Clearing all slots. Slots should accept more work: False
TpTrace Verbose: 0 : 1472, 13, 2024/09/04, 12:23:04.193, 7036563127442, vstest.console.dll, ParallelOperationManager.SetOccupiedSlotCount: Setting slot counts AvailableSlotCount = 1, OccupiedSlotCount = 0.
TpTrace Verbose: 0 : 1472, 13, 2024/09/04, 12:23:04.193, 7036563127795, vstest.console.dll, Occupied slots:

TpTrace Verbose: 0 : 1472, 4, 2024/09/04, 12:23:04.195, 7036563143169, vstest.console.dll, MulticastDelegateUtilities.SafeInvoke: InternalTestLoggerEvents.SendTestResult: Invoking callback 1/1 for Microsoft.VisualStudio.TestPlatform.CommandLine.Internal.ConsoleLogger., took 1 ms.
TpTrace Verbose: 0 : 1472, 4, 2024/09/04, 12:23:04.195, 7036563147401, vstest.console.dll, MulticastDelegateUtilities.SafeInvoke: InternalTestLoggerEvents.SendTestResult: Invoking callback 1/1 for Microsoft.VisualStudio.TestPlatform.CommandLine.Internal.ConsoleLogger., took 0 ms.
TpTrace Verbose: 0 : 1472, 4, 2024/09/04, 12:23:04.195, 7036563148851, vstest.console.dll, MulticastDelegateUtilities.SafeInvoke: InternalTestLoggerEvents.SendTestResult: Invoking callback 1/1 for Microsoft.VisualStudio.TestPlatform.CommandLine.Internal.ConsoleLogger., took 0 ms.
TpTrace Verbose: 0 : 1472, 4, 2024/09/04, 12:23:04.195, 7036563149541, vstest.console.dll, MulticastDelegateUtilities.SafeInvoke: InternalTestLoggerEvents.SendTestResult: Invoking callback 1/1 for Microsoft.VisualStudio.TestPlatform.CommandLine.Internal.ConsoleLogger., took 0 ms.
TpTrace Verbose: 0 : 1472, 4, 2024/09/04, 12:23:04.195, 7036563150191, vstest.console.dll, MulticastDelegateUtilities.SafeInvoke: InternalTestLoggerEvents.SendTestResult: Invoking callback 1/1 for Microsoft.VisualStudio.TestPlatform.CommandLine.Internal.ConsoleLogger., took 0 ms.
TpTrace Verbose: 0 : 1472, 4, 2024/09/04, 12:23:04.195, 7036563150597, vstest.console.dll, MulticastDelegateUtilities.SafeInvoke: InternalTestLoggerEvents.SendTestResult: Invoking callback 1/1 for Microsoft.VisualStudio.TestPlatform.CommandLine.Internal.ConsoleLogger., took 0 ms.
TpTrace Verbose: 0 : 1472, 4, 2024/09/04, 12:23:04.195, 7036563151244, vstest.console.dll, MulticastDelegateUtilities.SafeInvoke: InternalTestLoggerEvents.SendTestResult: Invoking callback 1/1 for Microsoft.VisualStudio.TestPlatform.CommandLine.Internal.ConsoleLogger., took 0 ms.
TpTrace Verbose: 0 : 1472, 4, 2024/09/04, 12:23:04.199, 7036563192782, vstest.console.dll, MulticastDelegateUtilities.SafeInvoke: InternalTestLoggerEvents.SendTestRunComplete: Invoking callback 1/2 for Microsoft.TestPlatform.Extensions.BlameDataCollector.BlameLogger., took 0 ms.
TpTrace Verbose: 0 : 1472, 4, 2024/09/04, 12:23:04.204, 7036563238048, vstest.console.dll, MulticastDelegateUtilities.SafeInvoke: InternalTestLoggerEvents.SendTestRunComplete: Invoking callback 2/2 for Microsoft.VisualStudio.TestPlatform.CommandLine.Internal.ConsoleLogger., took 4 ms.
TpTrace Verbose: 0 : 1472, 13, 2024/09/04, 12:23:04.204, 7036563242197, vstest.console.dll, TestRunRequest:TestRunComplete: Starting. IsAborted:False IsCanceled:False.
TpTrace Verbose: 0 : 1472, 13, 2024/09/04, 12:23:04.205, 7036563243776, vstest.console.dll, ParallelOperationManager.DoActionOnAllManagers: Calling an action on all managers.
TpTrace Verbose: 0 : 1472, 13, 2024/09/04, 12:23:04.206, 7036563253141, vstest.console.dll, TestLoggerManager.HandleTestRunComplete: Ignoring as the object is disposed.
TpTrace Verbose: 0 : 1472, 13, 2024/09/04, 12:23:04.206, 7036563254819, vstest.console.dll, MulticastDelegateUtilities.SafeInvoke: TestRun.TestRunComplete: Invoking callback 1/2 for Microsoft.VisualStudio.TestPlatform.CommandLine.TestRunResultAggregator., took 0 ms.
TpTrace Verbose: 0 : 1472, 13, 2024/09/04, 12:23:04.206, 7036563255802, vstest.console.dll, MulticastDelegateUtilities.SafeInvoke: TestRun.TestRunComplete: Invoking callback 2/2 for Microsoft.VisualStudio.TestPlatform.CommandLine.Processors.RunTestsArgumentExecutor+TestRunRequestEventsRegistrar., took 0 ms.
TpTrace Information: 0 : 1472, 13, 2024/09/04, 12:23:04.206, 7036563256751, vstest.console.dll, TestRunRequest:TestRunComplete: Completed.
TpTrace Verbose: 0 : 1472, 13, 2024/09/04, 12:23:04.206, 7036563257146, vstest.console.dll, TestRequestSender.SetOperationComplete: Setting operation complete.
TpTrace Information: 0 : 1472, 13, 2024/09/04, 12:23:04.206, 7036563257410, vstest.console.dll, SocketServer.Stop: Stop server endPoint: 127.0.0.1:56822
TpTrace Information: 0 : 1472, 13, 2024/09/04, 12:23:04.206, 7036563257631, vstest.console.dll, SocketServer.Stop: Cancellation requested. Stopping message loop.
TpTrace Verbose: 0 : 1472, 1, 2024/09/04, 12:23:04.206, 7036563257698, vstest.console.dll, TestRunRequest.Dispose: Starting.
TpTrace Verbose: 0 : 1472, 13, 2024/09/04, 12:23:04.206, 7036563257885, vstest.console.dll, MulticastDelegateUtilities.SafeInvoke: LengthPrefixCommunicationChannel: MessageReceived: Invoking callback 1/1 for Microsoft.VisualStudio.TestPlatform.CommunicationUtilities.TestRequestSender+<>c__DisplayClass34_0., took 160 ms.
TpTrace Information: 0 : 1472, 1, 2024/09/04, 12:23:04.206, 7036563258388, vstest.console.dll, TestRunRequest.Dispose: Completed.
TpTrace Information: 0 : 1472, 13, 2024/09/04, 12:23:04.206, 7036563258858, vstest.console.dll, SocketServer.PrivateStop: Stopping server endPoint: 127.0.0.1:56822 error: 
TpTrace Information: 0 : 1472, 1, 2024/09/04, 12:23:04.206, 7036563259065, vstest.console.dll, TestRequestManager.RunTests: run tests completed.
TpTrace Information: 0 : 1472, 1, 2024/09/04, 12:23:04.206, 7036563259593, vstest.console.dll, RunTestsArgumentProcessor:Execute: Test run is completed.
TpTrace Verbose: 0 : 1472, 1, 2024/09/04, 12:23:04.206, 7036563261392, vstest.console.dll, Executor.Execute: Exiting with exit code of 0
TpTrace Verbose: 0 : 1472, 13, 2024/09/04, 12:23:04.207, 7036563263728, vstest.console.dll, LengthPrefixCommunicationChannel.Dispose: Dispose reader and writer.
TpTrace Information: 0 : 1472, 13, 2024/09/04, 12:23:04.207, 7036563264699, vstest.console.dll, SocketServer.Stop: Raise disconnected event endPoint: 127.0.0.1:56822 error: 
TpTrace Verbose: 0 : 1472, 13, 2024/09/04, 12:23:04.207, 7036563266012, vstest.console.dll, TestRequestSender: OnTestRunAbort: Operation is already complete. Skip error message.
TpTrace Verbose: 0 : 1472, 13, 2024/09/04, 12:23:04.207, 7036563266558, vstest.console.dll, MulticastDelegateUtilities.SafeInvoke: SocketServer: ClientDisconnected: Invoking callback 1/1 for Microsoft.VisualStudio.TestPlatform.CommunicationUtilities.TestRequestSender., took 0 ms.
TpTrace Verbose: 0 : 1472, 13, 2024/09/04, 12:23:04.207, 7036563266949, vstest.console.dll, TcpClientExtensions.MessageLoopAsync: exiting MessageLoopAsync remoteEndPoint: 127.0.0.1:56823 localEndPoint: 127.0.0.1:56822
